CoveredUnsafeLines / TotalUnsafeLines = 134/142 = 0.94366197

CoveredUnsafeLines: 134
Lines:
toodee-0.2.4/src/iter.rs:147
toodee-0.2.4/src/iter.rs:220
toodee-0.2.4/src/iter.rs:270
toodee-0.2.4/src/iter.rs:320
toodee-0.2.4/src/iter.rs:337
toodee-0.2.4/src/iter.rs:36
toodee-0.2.4/src/iter.rs:399
toodee-0.2.4/src/iter.rs:470
toodee-0.2.4/src/iter.rs:90
toodee-0.2.4/src/ops.rs:222
toodee-0.2.4/src/ops.rs:223
toodee-0.2.4/src/ops.rs:224
toodee-0.2.4/src/toodee.rs:1008
toodee-0.2.4/src/toodee.rs:1010
toodee-0.2.4/src/toodee.rs:1012
toodee-0.2.4/src/toodee.rs:1013
toodee-0.2.4/src/toodee.rs:1014
toodee-0.2.4/src/toodee.rs:1015
toodee-0.2.4/src/toodee.rs:1017
toodee-0.2.4/src/toodee.rs:1019
toodee-0.2.4/src/toodee.rs:1020
toodee-0.2.4/src/toodee.rs:1021
toodee-0.2.4/src/toodee.rs:1022
toodee-0.2.4/src/toodee.rs:1023
toodee-0.2.4/src/toodee.rs:1025
toodee-0.2.4/src/toodee.rs:1027
toodee-0.2.4/src/toodee.rs:1028
toodee-0.2.4/src/toodee.rs:1029
toodee-0.2.4/src/toodee.rs:1030
toodee-0.2.4/src/toodee.rs:1033
toodee-0.2.4/src/toodee.rs:114
toodee-0.2.4/src/toodee.rs:133
toodee-0.2.4/src/toodee.rs:215
toodee-0.2.4/src/toodee.rs:216
toodee-0.2.4/src/toodee.rs:217
toodee-0.2.4/src/toodee.rs:218
toodee-0.2.4/src/toodee.rs:297
toodee-0.2.4/src/toodee.rs:298
toodee-0.2.4/src/toodee.rs:299
toodee-0.2.4/src/toodee.rs:300
toodee-0.2.4/src/toodee.rs:353
toodee-0.2.4/src/toodee.rs:354
toodee-0.2.4/src/toodee.rs:355
toodee-0.2.4/src/toodee.rs:357
toodee-0.2.4/src/toodee.rs:358
toodee-0.2.4/src/toodee.rs:360
toodee-0.2.4/src/toodee.rs:685
toodee-0.2.4/src/toodee.rs:687
toodee-0.2.4/src/toodee.rs:688
toodee-0.2.4/src/toodee.rs:689
toodee-0.2.4/src/toodee.rs:690
toodee-0.2.4/src/toodee.rs:691
toodee-0.2.4/src/toodee.rs:692
toodee-0.2.4/src/toodee.rs:74
toodee-0.2.4/src/toodee.rs:793
toodee-0.2.4/src/toodee.rs:794
toodee-0.2.4/src/toodee.rs:795
toodee-0.2.4/src/toodee.rs:796
toodee-0.2.4/src/toodee.rs:797
toodee-0.2.4/src/toodee.rs:798
toodee-0.2.4/src/toodee.rs:799
toodee-0.2.4/src/toodee.rs:800
toodee-0.2.4/src/toodee.rs:801
toodee-0.2.4/src/toodee.rs:827
toodee-0.2.4/src/toodee.rs:828
toodee-0.2.4/src/toodee.rs:829
toodee-0.2.4/src/toodee.rs:830
toodee-0.2.4/src/toodee.rs:832
toodee-0.2.4/src/toodee.rs:833
toodee-0.2.4/src/toodee.rs:834
toodee-0.2.4/src/toodee.rs:835
toodee-0.2.4/src/toodee.rs:837
toodee-0.2.4/src/toodee.rs:839
toodee-0.2.4/src/toodee.rs:840
toodee-0.2.4/src/toodee.rs:841
toodee-0.2.4/src/toodee.rs:842
toodee-0.2.4/src/toodee.rs:843
toodee-0.2.4/src/toodee.rs:93
toodee-0.2.4/src/toodee.rs:975
toodee-0.2.4/src/toodee.rs:986
toodee-0.2.4/src/view.rs:125
toodee-0.2.4/src/view.rs:126
toodee-0.2.4/src/view.rs:127
toodee-0.2.4/src/view.rs:128
toodee-0.2.4/src/view.rs:129
toodee-0.2.4/src/view.rs:130
toodee-0.2.4/src/view.rs:131
toodee-0.2.4/src/view.rs:154
toodee-0.2.4/src/view.rs:155
toodee-0.2.4/src/view.rs:156
toodee-0.2.4/src/view.rs:157
toodee-0.2.4/src/view.rs:215
toodee-0.2.4/src/view.rs:258
toodee-0.2.4/src/view.rs:259
toodee-0.2.4/src/view.rs:260
toodee-0.2.4/src/view.rs:261
toodee-0.2.4/src/view.rs:262
toodee-0.2.4/src/view.rs:263
toodee-0.2.4/src/view.rs:264
toodee-0.2.4/src/view.rs:281
toodee-0.2.4/src/view.rs:282
toodee-0.2.4/src/view.rs:283
toodee-0.2.4/src/view.rs:284
toodee-0.2.4/src/view.rs:285
toodee-0.2.4/src/view.rs:286
toodee-0.2.4/src/view.rs:287
toodee-0.2.4/src/view.rs:404
toodee-0.2.4/src/view.rs:405
toodee-0.2.4/src/view.rs:406
toodee-0.2.4/src/view.rs:407
toodee-0.2.4/src/view.rs:408
toodee-0.2.4/src/view.rs:409
toodee-0.2.4/src/view.rs:410
toodee-0.2.4/src/view.rs:433
toodee-0.2.4/src/view.rs:434
toodee-0.2.4/src/view.rs:435
toodee-0.2.4/src/view.rs:436
toodee-0.2.4/src/view.rs:471
toodee-0.2.4/src/view.rs:472
toodee-0.2.4/src/view.rs:473
toodee-0.2.4/src/view.rs:475
toodee-0.2.4/src/view.rs:476
toodee-0.2.4/src/view.rs:478
toodee-0.2.4/src/view.rs:521
toodee-0.2.4/src/view.rs:533
toodee-0.2.4/src/view.rs:543
toodee-0.2.4/src/view.rs:554
toodee-0.2.4/src/view.rs:84
toodee-0.2.4/src/view.rs:85
toodee-0.2.4/src/view.rs:86
toodee-0.2.4/src/view.rs:87
toodee-0.2.4/src/view.rs:88
toodee-0.2.4/src/view.rs:89
toodee-0.2.4/src/view.rs:90