     Removed 124 files, 55.9MiB total
   Compiling semver v1.0.26
   Compiling libc v0.2.175
   Compiling home v0.5.5
   Compiling xdg v2.5.2
   Compiling toodee v0.2.4 (/home/cdc/deepSURF-sp26-artifacts/artifact_data/dataset/erasan_crates/toodee-0.2.4)
   Compiling global_data v0.1.0 (/home/cdc/deepSURF-sp26-artifacts/artifact_code/global_data)
   Compiling afl v0.15.7
   Compiling rustc_version v0.4.1
   Compiling toodee_fuzz_347557406229760741 v0.1.0 (/home/cdc/deepSURF-sp26-artifacts/claims/claim1/rq1/bug#2-toodee/harness)
warning: unused imports: `IndexMut`, `Index`
 --> src/toodee_fuzz_347557406229760741.rs:7:16
  |
7 | use std::ops::{Index, IndexMut};
  |                ^^^^^  ^^^^^^^^
  |
  = note: `#[warn(unused_imports)]` on by default

warning: the item `TryInto` is imported redundantly
   --> src/toodee_fuzz_347557406229760741.rs:152:9
    |
152 |     use std::convert::TryInto;
    |         ^^^^^^^^^^^^^^^^^^^^^
   --> /rustc/11f32b73e0dc9287e305b5b9980d24aecdc8c17f/library/std/src/prelude/mod.rs:129:13
    |
    = note: the item `TryInto` is already defined here

warning: the item `TryInto` is imported redundantly
   --> src/toodee_fuzz_347557406229760741.rs:159:9
    |
159 |     use std::convert::TryInto;
    |         ^^^^^^^^^^^^^^^^^^^^^
   --> /rustc/11f32b73e0dc9287e305b5b9980d24aecdc8c17f/library/std/src/prelude/mod.rs:129:13
    |
    = note: the item `TryInto` is already defined here

warning: unused variable: `col_idx`
  --> src/toodee_fuzz_347557406229760741.rs:49:25
   |
49 |                     let col_idx = _to_usize(GLOBAL_DATA, base + 40) % cols;
   |                         ^^^^^^^ help: if this is intentional, prefix it with an underscore: `_col_idx`
   |
   = note: `#[warn(unused_variables)]` on by default

warning: variable does not need to be mutable
  --> src/toodee_fuzz_347557406229760741.rs:65:25
   |
65 |                     let mut view = t4.view((0,0), (cols, rows));
   |                         ----^^^^
   |                         |
   |                         help: remove this `mut`
   |
   = note: `#[warn(unused_mut)]` on by default

warning: field `0` is never read
  --> src/toodee_fuzz_347557406229760741.rs:10:20
   |
10 | struct CustomType0(String);
   |        ----------- ^^^^^^
   |        |
   |        field in this struct
   |
   = note: `CustomType0` has derived impls for the traits `Clone` and `Debug`, but these are intentionally ignored during dead code analysis
   = note: `#[warn(dead_code)]` on by default
help: consider changing the field to be of unit type to suppress this warning while preserving the field numbering, or remove the field
   |
10 | struct CustomType0(());
   |                    ~~

warning: variable `GLOBAL_DATA` should have a snake case name
  --> src/toodee_fuzz_347557406229760741.rs:17:13
   |
17 |         let GLOBAL_DATA = global_data.first_half;
   |             ^^^^^^^^^^^ help: convert the identifier to snake case: `global_data`
   |
   = note: `#[warn(non_snake_case)]` on by default

warning: `toodee_fuzz_347557406229760741` (bin "toodee_fuzz_347557406229760741") generated 7 warnings (run `cargo fix --bin "toodee_fuzz_347557406229760741"` to apply 3 suggestions)
    Finished dev [unoptimized + debuginfo] target(s) in 2.96s
=================================================================
==1393732==ERROR: AddressSanitizer: heap-buffer-overflow on address 0x53200002f048 at pc 0x557c2ced3ad1 bp 0x7ffdab7a7d10 sp 0x7ffdab7a74d0
READ of size 24 at 0x53200002f048 thread T0
    #0 0x557c2ced3ad0  (/home/cdc/deepSURF-sp26-artifacts/claims/claim1/rq1/bug#2-toodee/harness/target/x86_64-unknown-linux-gnu/debug/toodee_fuzz_347557406229760741+0x96ad0) (BuildId: 4d0057d61140e81fafa029723627655bb36e9f68)
    #1 0x557c2cf0a6c1  (/home/cdc/deepSURF-sp26-artifacts/claims/claim1/rq1/bug#2-toodee/harness/target/x86_64-unknown-linux-gnu/debug/toodee_fuzz_347557406229760741+0xcd6c1) (BuildId: 4d0057d61140e81fafa029723627655bb36e9f68)
    #2 0x557c2cf047fe  (/home/cdc/deepSURF-sp26-artifacts/claims/claim1/rq1/bug#2-toodee/harness/target/x86_64-unknown-linux-gnu/debug/toodee_fuzz_347557406229760741+0xc77fe) (BuildId: 4d0057d61140e81fafa029723627655bb36e9f68)
    #3 0x557c2cf0dd4a  (/home/cdc/deepSURF-sp26-artifacts/claims/claim1/rq1/bug#2-toodee/harness/target/x86_64-unknown-linux-gnu/debug/toodee_fuzz_347557406229760741+0xd0d4a) (BuildId: 4d0057d61140e81fafa029723627655bb36e9f68)
    #4 0x557c2cf0c7a1  (/home/cdc/deepSURF-sp26-artifacts/claims/claim1/rq1/bug#2-toodee/harness/target/x86_64-unknown-linux-gnu/debug/toodee_fuzz_347557406229760741+0xcf7a1) (BuildId: 4d0057d61140e81fafa029723627655bb36e9f68)
    #5 0x557c2cefe971  (/home/cdc/deepSURF-sp26-artifacts/claims/claim1/rq1/bug#2-toodee/harness/target/x86_64-unknown-linux-gnu/debug/toodee_fuzz_347557406229760741+0xc1971) (BuildId: 4d0057d61140e81fafa029723627655bb36e9f68)
    #6 0x557c2cefe9c0  (/home/cdc/deepSURF-sp26-artifacts/claims/claim1/rq1/bug#2-toodee/harness/target/x86_64-unknown-linux-gnu/debug/toodee_fuzz_347557406229760741+0xc19c0) (BuildId: 4d0057d61140e81fafa029723627655bb36e9f68)
    #7 0x557c2cf27ee0  (/home/cdc/deepSURF-sp26-artifacts/claims/claim1/rq1/bug#2-toodee/harness/target/x86_64-unknown-linux-gnu/debug/toodee_fuzz_347557406229760741+0xeaee0) (BuildId: 4d0057d61140e81fafa029723627655bb36e9f68)
    #8 0x557c2cf0df05  (/home/cdc/deepSURF-sp26-artifacts/claims/claim1/rq1/bug#2-toodee/harness/target/x86_64-unknown-linux-gnu/debug/toodee_fuzz_347557406229760741+0xd0f05) (BuildId: 4d0057d61140e81fafa029723627655bb36e9f68)
    #9 0x7f8c6b082d8f  (/lib/x86_64-linux-gnu/libc.so.6+0x29d8f) (BuildId: 490fef8403240c91833978d494d39e537409b92e)
    #10 0x7f8c6b082e3f  (/lib/x86_64-linux-gnu/libc.so.6+0x29e3f) (BuildId: 490fef8403240c91833978d494d39e537409b92e)
    #11 0x557c2ce4e5b4  (/home/cdc/deepSURF-sp26-artifacts/claims/claim1/rq1/bug#2-toodee/harness/target/x86_64-unknown-linux-gnu/debug/toodee_fuzz_347557406229760741+0x115b4) (BuildId: 4d0057d61140e81fafa029723627655bb36e9f68)

0x53200002f048 is located 0 bytes after 92232-byte region [0x532000018800,0x53200002f048)
allocated by thread T0 here:
    #0 0x557c2ced556e  (/home/cdc/deepSURF-sp26-artifacts/claims/claim1/rq1/bug#2-toodee/harness/target/x86_64-unknown-linux-gnu/debug/toodee_fuzz_347557406229760741+0x9856e) (BuildId: 4d0057d61140e81fafa029723627655bb36e9f68)
    #1 0x557c2cf03f9f  (/home/cdc/deepSURF-sp26-artifacts/claims/claim1/rq1/bug#2-toodee/harness/target/x86_64-unknown-linux-gnu/debug/toodee_fuzz_347557406229760741+0xc6f9f) (BuildId: 4d0057d61140e81fafa029723627655bb36e9f68)
    #2 0x557c2cf0dd4a  (/home/cdc/deepSURF-sp26-artifacts/claims/claim1/rq1/bug#2-toodee/harness/target/x86_64-unknown-linux-gnu/debug/toodee_fuzz_347557406229760741+0xd0d4a) (BuildId: 4d0057d61140e81fafa029723627655bb36e9f68)
    #3 0x557c2cefe971  (/home/cdc/deepSURF-sp26-artifacts/claims/claim1/rq1/bug#2-toodee/harness/target/x86_64-unknown-linux-gnu/debug/toodee_fuzz_347557406229760741+0xc1971) (BuildId: 4d0057d61140e81fafa029723627655bb36e9f68)

SUMMARY: AddressSanitizer: heap-buffer-overflow (/home/cdc/deepSURF-sp26-artifacts/claims/claim1/rq1/bug#2-toodee/harness/target/x86_64-unknown-linux-gnu/debug/toodee_fuzz_347557406229760741+0x96ad0) (BuildId: 4d0057d61140e81fafa029723627655bb36e9f68) 
Shadow bytes around the buggy address:
  0x53200002ed80: 00 00 00 00 00 00 00 00 00 00 00 00 00 00 00 00
  0x53200002ee00: 00 00 00 00 00 00 00 00 00 00 00 00 00 00 00 00
  0x53200002ee80: 00 00 00 00 00 00 00 00 00 00 00 00 00 00 00 00
  0x53200002ef00: 00 00 00 00 00 00 00 00 00 00 00 00 00 00 00 00
  0x53200002ef80: 00 00 00 00 00 00 00 00 00 00 00 00 00 00 00 00
=>0x53200002f000: 00 00 00 00 00 00 00 00 00[fa]fa fa fa fa fa fa
  0x53200002f080: fa fa fa fa fa fa fa fa fa fa fa fa fa fa fa fa
  0x53200002f100: fa fa fa fa fa fa fa fa fa fa fa fa fa fa fa fa
  0x53200002f180: fa fa fa fa fa fa fa fa fa fa fa fa fa fa fa fa
  0x53200002f200: fa fa fa fa fa fa fa fa fa fa fa fa fa fa fa fa
  0x53200002f280: fa fa fa fa fa fa fa fa fa fa fa fa fa fa fa fa
Shadow byte legend (one shadow byte represents 8 application bytes):
  Addressable:           00
  Partially addressable: 01 02 03 04 05 06 07 
  Heap left redzone:       fa
  Freed heap region:       fd
  Stack left redzone:      f1
  Stack mid redzone:       f2
  Stack right redzone:     f3
  Stack after return:      f5
  Stack use after scope:   f8
  Global redzone:          f9
  Global init order:       f6
  Poisoned by user:        f7
  Container overflow:      fc
  Array cookie:            ac
  Intra object redzone:    bb
  ASan internal:           fe
  Left alloca redzone:     ca
  Right alloca redzone:    cb
==1393732==ABORTING
