     Removed 125 files, 58.7MiB total
warning: /home/cdc/deepSURF-sp26-artifacts/artifact_data/dataset/erasan_crates/slice-deque-0.3.0/Cargo.toml: Found `feature = ...` in `target.'cfg(...)'.dependencies`. This key is not supported for selecting dependencies and will not work as expected. Use the [features] section instead: https://doc.rust-lang.org/cargo/reference/features.html
   Compiling libc v0.2.175
   Compiling semver v1.0.26
   Compiling home v0.5.5
   Compiling xdg v2.5.2
   Compiling global_data v0.1.0 (/home/cdc/deepSURF-sp26-artifacts/artifact_code/global_data)
   Compiling afl v0.15.7
   Compiling rustc_version v0.4.1
   Compiling slice-deque v0.3.0 (/home/cdc/deepSURF-sp26-artifacts/artifact_data/dataset/erasan_crates/slice-deque-0.3.0)
warning: unused variable: `v`
    --> /home/cdc/deepSURF-sp26-artifacts/artifact_data/dataset/erasan_crates/slice-deque-0.3.0/src/lib.rs:3055:17
     |
3055 |             let v = slice::from_raw_parts_mut(
     |                 ^ help: if this is intentional, prefix it with an underscore: `_v`
     |
     = note: `#[warn(unused_variables)]` on by default

warning: unused variable: `v`
    --> /home/cdc/deepSURF-sp26-artifacts/artifact_data/dataset/erasan_crates/slice-deque-0.3.0/src/lib.rs:3061:17
     |
3061 |             let v = slice::from_raw_parts_mut(
     |                 ^ help: if this is intentional, prefix it with an underscore: `_v`

warning: `slice-deque` (lib) generated 2 warnings (run `cargo fix --lib -p slice-deque` to apply 2 suggestions)
   Compiling slice-deque_fuzz_4598399675069962417 v0.1.0 (/home/cdc/deepSURF-sp26-artifacts/claims/claim1/rq1/bug#10-slice_deque-0.3.0/harness)
warning: unused import: `slice_deque::*`
 --> src/slice-deque_fuzz_4598399675069962417.rs:5:5
  |
5 | use slice_deque::*;
  |     ^^^^^^^^^^^^^^
  |
  = note: `#[warn(unused_imports)]` on by default

warning: unused import: `std::str::FromStr`
 --> src/slice-deque_fuzz_4598399675069962417.rs:7:5
  |
7 | use std::str::FromStr;
  |     ^^^^^^^^^^^^^^^^^

warning: unused imports: `DerefMut`, `Deref`, `IndexMut`, `Index`
 --> src/slice-deque_fuzz_4598399675069962417.rs:8:16
  |
8 | use std::ops::{Deref, DerefMut, Index, IndexMut};
  |                ^^^^^  ^^^^^^^^  ^^^^^  ^^^^^^^^

warning: the item `TryInto` is imported redundantly
   --> src/slice-deque_fuzz_4598399675069962417.rs:280:9
    |
280 |     use std::convert::TryInto;
    |         ^^^^^^^^^^^^^^^^^^^^^
   --> /rustc/11f32b73e0dc9287e305b5b9980d24aecdc8c17f/library/std/src/prelude/mod.rs:129:13
    |
    = note: the item `TryInto` is already defined here

warning: the item `TryInto` is imported redundantly
   --> src/slice-deque_fuzz_4598399675069962417.rs:287:9
    |
287 |     use std::convert::TryInto;
    |         ^^^^^^^^^^^^^^^^^^^^^
   --> /rustc/11f32b73e0dc9287e305b5b9980d24aecdc8c17f/library/std/src/prelude/mod.rs:129:13
    |
    = note: the item `TryInto` is already defined here

warning: variable does not need to be mutable
  --> src/slice-deque_fuzz_4598399675069962417.rs:27:7
   |
27 |         let mut t_2 = _to_u8(GLOBAL_DATA, 9) % 17;
   |             ----^^^
   |             |
   |             help: remove this `mut`
   |
   = note: `#[warn(unused_mut)]` on by default

warning: variable does not need to be mutable
  --> src/slice-deque_fuzz_4598399675069962417.rs:41:7
   |
41 |         let mut t_0 = _to_u8(GLOBAL_DATA, 0) % 33;
   |             ----^^^
   |             |
   |             help: remove this `mut`

warning: variable does not need to be mutable
  --> src/slice-deque_fuzz_4598399675069962417.rs:44:7
   |
44 |         let mut t_6 = _to_u8(GLOBAL_DATA, 26) % 17;
   |             ----^^^
   |             |
   |             help: remove this `mut`

warning: variable does not need to be mutable
  --> src/slice-deque_fuzz_4598399675069962417.rs:49:7
   |
49 |         let mut t_10 = _to_u8(GLOBAL_DATA, 43) % 17;
   |             ----^^^^
   |             |
   |             help: remove this `mut`

warning: variable does not need to be mutable
  --> src/slice-deque_fuzz_4598399675069962417.rs:54:7
   |
54 |         let mut t_14 = _to_u8(GLOBAL_DATA, 60) % 17;
   |             ----^^^^
   |             |
   |             help: remove this `mut`

warning: variable does not need to be mutable
  --> src/slice-deque_fuzz_4598399675069962417.rs:59:7
   |
59 |         let mut t_18 = _to_u8(GLOBAL_DATA, 77) % 17;
   |             ----^^^^
   |             |
   |             help: remove this `mut`

warning: variable does not need to be mutable
  --> src/slice-deque_fuzz_4598399675069962417.rs:64:7
   |
64 |         let mut t_22 = _to_u8(GLOBAL_DATA, 94) % 17;
   |             ----^^^^
   |             |
   |             help: remove this `mut`

warning: variable does not need to be mutable
  --> src/slice-deque_fuzz_4598399675069962417.rs:69:7
   |
69 |         let mut t_26 = _to_u8(GLOBAL_DATA, 111) % 17;
   |             ----^^^^
   |             |
   |             help: remove this `mut`

warning: variable does not need to be mutable
  --> src/slice-deque_fuzz_4598399675069962417.rs:74:7
   |
74 |         let mut t_30 = _to_u8(GLOBAL_DATA, 128) % 17;
   |             ----^^^^
   |             |
   |             help: remove this `mut`

warning: variable does not need to be mutable
  --> src/slice-deque_fuzz_4598399675069962417.rs:79:7
   |
79 |         let mut t_34 = _to_u8(GLOBAL_DATA, 145) % 17;
   |             ----^^^^
   |             |
   |             help: remove this `mut`

warning: variable does not need to be mutable
  --> src/slice-deque_fuzz_4598399675069962417.rs:84:7
   |
84 |         let mut t_38 = _to_u8(GLOBAL_DATA, 162) % 17;
   |             ----^^^^
   |             |
   |             help: remove this `mut`

warning: variable does not need to be mutable
  --> src/slice-deque_fuzz_4598399675069962417.rs:89:7
   |
89 |         let mut t_42 = _to_u8(GLOBAL_DATA, 179) % 17;
   |             ----^^^^
   |             |
   |             help: remove this `mut`

warning: variable does not need to be mutable
  --> src/slice-deque_fuzz_4598399675069962417.rs:94:7
   |
94 |         let mut t_46 = _to_u8(GLOBAL_DATA, 196) % 17;
   |             ----^^^^
   |             |
   |             help: remove this `mut`

warning: variable does not need to be mutable
  --> src/slice-deque_fuzz_4598399675069962417.rs:99:7
   |
99 |         let mut t_50 = _to_u8(GLOBAL_DATA, 213) % 17;
   |             ----^^^^
   |             |
   |             help: remove this `mut`

warning: variable does not need to be mutable
   --> src/slice-deque_fuzz_4598399675069962417.rs:104:7
    |
104 |         let mut t_54 = _to_u8(GLOBAL_DATA, 230) % 17;
    |             ----^^^^
    |             |
    |             help: remove this `mut`

warning: variable does not need to be mutable
   --> src/slice-deque_fuzz_4598399675069962417.rs:109:7
    |
109 |         let mut t_58 = _to_u8(GLOBAL_DATA, 247) % 17;
    |             ----^^^^
    |             |
    |             help: remove this `mut`

warning: variable does not need to be mutable
   --> src/slice-deque_fuzz_4598399675069962417.rs:114:7
    |
114 |         let mut t_62 = _to_u8(GLOBAL_DATA, 264) % 17;
    |             ----^^^^
    |             |
    |             help: remove this `mut`

warning: variable does not need to be mutable
   --> src/slice-deque_fuzz_4598399675069962417.rs:119:7
    |
119 |         let mut t_66 = _to_u8(GLOBAL_DATA, 281) % 17;
    |             ----^^^^
    |             |
    |             help: remove this `mut`

warning: variable does not need to be mutable
   --> src/slice-deque_fuzz_4598399675069962417.rs:124:7
    |
124 |         let mut t_70 = _to_u8(GLOBAL_DATA, 298) % 17;
    |             ----^^^^
    |             |
    |             help: remove this `mut`

warning: variable does not need to be mutable
   --> src/slice-deque_fuzz_4598399675069962417.rs:129:7
    |
129 |         let mut t_74 = _to_u8(GLOBAL_DATA, 315) % 17;
    |             ----^^^^
    |             |
    |             help: remove this `mut`

warning: variable does not need to be mutable
   --> src/slice-deque_fuzz_4598399675069962417.rs:134:7
    |
134 |         let mut t_78 = _to_u8(GLOBAL_DATA, 332) % 17;
    |             ----^^^^
    |             |
    |             help: remove this `mut`

warning: variable does not need to be mutable
   --> src/slice-deque_fuzz_4598399675069962417.rs:139:7
    |
139 |         let mut t_82 = _to_u8(GLOBAL_DATA, 349) % 17;
    |             ----^^^^
    |             |
    |             help: remove this `mut`

warning: variable does not need to be mutable
   --> src/slice-deque_fuzz_4598399675069962417.rs:144:7
    |
144 |         let mut t_86 = _to_u8(GLOBAL_DATA, 366) % 17;
    |             ----^^^^
    |             |
    |             help: remove this `mut`

warning: variable does not need to be mutable
   --> src/slice-deque_fuzz_4598399675069962417.rs:149:7
    |
149 |         let mut t_90 = _to_u8(GLOBAL_DATA, 383) % 17;
    |             ----^^^^
    |             |
    |             help: remove this `mut`

warning: variable does not need to be mutable
   --> src/slice-deque_fuzz_4598399675069962417.rs:154:7
    |
154 |         let mut t_94 = _to_u8(GLOBAL_DATA, 400) % 17;
    |             ----^^^^
    |             |
    |             help: remove this `mut`

warning: variable does not need to be mutable
   --> src/slice-deque_fuzz_4598399675069962417.rs:159:7
    |
159 |         let mut t_98 = _to_u8(GLOBAL_DATA, 417) % 17;
    |             ----^^^^
    |             |
    |             help: remove this `mut`

warning: variable does not need to be mutable
   --> src/slice-deque_fuzz_4598399675069962417.rs:164:7
    |
164 |         let mut t_102 = _to_u8(GLOBAL_DATA, 434) % 17;
    |             ----^^^^^
    |             |
    |             help: remove this `mut`

warning: variable does not need to be mutable
   --> src/slice-deque_fuzz_4598399675069962417.rs:169:7
    |
169 |         let mut t_106 = _to_u8(GLOBAL_DATA, 451) % 17;
    |             ----^^^^^
    |             |
    |             help: remove this `mut`

warning: variable does not need to be mutable
   --> src/slice-deque_fuzz_4598399675069962417.rs:174:7
    |
174 |         let mut t_110 = _to_u8(GLOBAL_DATA, 468) % 17;
    |             ----^^^^^
    |             |
    |             help: remove this `mut`

warning: variable does not need to be mutable
   --> src/slice-deque_fuzz_4598399675069962417.rs:179:7
    |
179 |         let mut t_114 = _to_u8(GLOBAL_DATA, 485) % 17;
    |             ----^^^^^
    |             |
    |             help: remove this `mut`

warning: variable does not need to be mutable
   --> src/slice-deque_fuzz_4598399675069962417.rs:184:7
    |
184 |         let mut t_118 = _to_u8(GLOBAL_DATA, 502) % 17;
    |             ----^^^^^
    |             |
    |             help: remove this `mut`

warning: variable does not need to be mutable
   --> src/slice-deque_fuzz_4598399675069962417.rs:189:7
    |
189 |         let mut t_122 = _to_u8(GLOBAL_DATA, 519) % 17;
    |             ----^^^^^
    |             |
    |             help: remove this `mut`

warning: variable does not need to be mutable
   --> src/slice-deque_fuzz_4598399675069962417.rs:194:7
    |
194 |         let mut t_126 = _to_u8(GLOBAL_DATA, 536) % 17;
    |             ----^^^^^
    |             |
    |             help: remove this `mut`

warning: variable does not need to be mutable
   --> src/slice-deque_fuzz_4598399675069962417.rs:199:7
    |
199 |         let mut t_130 = _to_u8(GLOBAL_DATA, 553) % 17;
    |             ----^^^^^
    |             |
    |             help: remove this `mut`

warning: variable `GLOBAL_DATA` should have a snake case name
  --> src/slice-deque_fuzz_4598399675069962417.rs:16:7
   |
16 |         let GLOBAL_DATA = global_data.first_half;
   |             ^^^^^^^^^^^ help: convert the identifier to snake case: `global_data`
   |
   = note: `#[warn(non_snake_case)]` on by default

warning: variable `GLOBAL_DATA` should have a snake case name
  --> src/slice-deque_fuzz_4598399675069962417.rs:23:7
   |
23 |         let GLOBAL_DATA = match selector{
   |             ^^^^^^^^^^^ help: convert the identifier to snake case: `global_data`

warning: variable `GLOBAL_DATA` should have a snake case name
  --> src/slice-deque_fuzz_4598399675069962417.rs:40:7
   |
40 |         let GLOBAL_DATA = global_data.first_half;
   |             ^^^^^^^^^^^ help: convert the identifier to snake case: `global_data`

warning: `slice-deque_fuzz_4598399675069962417` (bin "slice-deque_fuzz_4598399675069962417") generated 42 warnings (run `cargo fix --bin "slice-deque_fuzz_4598399675069962417"` to apply 37 suggestions)
    Finished dev [unoptimized + debuginfo] target(s) in 3.21s
=================================================================
==1382924==ERROR: AddressSanitizer: attempting double-free on 0x502000000430 in thread T0:
    #0 0x5568bb698856  (/home/cdc/deepSURF-sp26-artifacts/claims/claim1/rq1/bug#10-slice_deque-0.3.0/harness/target/x86_64-unknown-linux-gnu/debug/slice-deque_fuzz_4598399675069962417+0x98856) (BuildId: e30910cf05f5c5db46804c65e664cd6e1a8e9f10)
    #1 0x5568bb6ce8b9  (/home/cdc/deepSURF-sp26-artifacts/claims/claim1/rq1/bug#10-slice_deque-0.3.0/harness/target/x86_64-unknown-linux-gnu/debug/slice-deque_fuzz_4598399675069962417+0xce8b9) (BuildId: e30910cf05f5c5db46804c65e664cd6e1a8e9f10)
    #2 0x5568bb6d8a1a  (/home/cdc/deepSURF-sp26-artifacts/claims/claim1/rq1/bug#10-slice_deque-0.3.0/harness/target/x86_64-unknown-linux-gnu/debug/slice-deque_fuzz_4598399675069962417+0xd8a1a) (BuildId: e30910cf05f5c5db46804c65e664cd6e1a8e9f10)
    #3 0x5568bb6d7d91  (/home/cdc/deepSURF-sp26-artifacts/claims/claim1/rq1/bug#10-slice_deque-0.3.0/harness/target/x86_64-unknown-linux-gnu/debug/slice-deque_fuzz_4598399675069962417+0xd7d91) (BuildId: e30910cf05f5c5db46804c65e664cd6e1a8e9f10)
    #4 0x5568bb6c4221  (/home/cdc/deepSURF-sp26-artifacts/claims/claim1/rq1/bug#10-slice_deque-0.3.0/harness/target/x86_64-unknown-linux-gnu/debug/slice-deque_fuzz_4598399675069962417+0xc4221) (BuildId: e30910cf05f5c5db46804c65e664cd6e1a8e9f10)
    #5 0x5568bb6c4270  (/home/cdc/deepSURF-sp26-artifacts/claims/claim1/rq1/bug#10-slice_deque-0.3.0/harness/target/x86_64-unknown-linux-gnu/debug/slice-deque_fuzz_4598399675069962417+0xc4270) (BuildId: e30910cf05f5c5db46804c65e664cd6e1a8e9f10)
    #6 0x5568bb6f8990  (/home/cdc/deepSURF-sp26-artifacts/claims/claim1/rq1/bug#10-slice_deque-0.3.0/harness/target/x86_64-unknown-linux-gnu/debug/slice-deque_fuzz_4598399675069962417+0xf8990) (BuildId: e30910cf05f5c5db46804c65e664cd6e1a8e9f10)
    #7 0x5568bb6d8bd5  (/home/cdc/deepSURF-sp26-artifacts/claims/claim1/rq1/bug#10-slice_deque-0.3.0/harness/target/x86_64-unknown-linux-gnu/debug/slice-deque_fuzz_4598399675069962417+0xd8bd5) (BuildId: e30910cf05f5c5db46804c65e664cd6e1a8e9f10)
    #8 0x7fadfb6add8f  (/lib/x86_64-linux-gnu/libc.so.6+0x29d8f) (BuildId: 490fef8403240c91833978d494d39e537409b92e)
    #9 0x7fadfb6ade3f  (/lib/x86_64-linux-gnu/libc.so.6+0x29e3f) (BuildId: 490fef8403240c91833978d494d39e537409b92e)
    #10 0x5568bb611ad4  (/home/cdc/deepSURF-sp26-artifacts/claims/claim1/rq1/bug#10-slice_deque-0.3.0/harness/target/x86_64-unknown-linux-gnu/debug/slice-deque_fuzz_4598399675069962417+0x11ad4) (BuildId: e30910cf05f5c5db46804c65e664cd6e1a8e9f10)

0x502000000430 is located 0 bytes inside of 1-byte region [0x502000000430,0x502000000431)
freed by thread T0 here:
    #0 0x5568bb698856  (/home/cdc/deepSURF-sp26-artifacts/claims/claim1/rq1/bug#10-slice_deque-0.3.0/harness/target/x86_64-unknown-linux-gnu/debug/slice-deque_fuzz_4598399675069962417+0x98856) (BuildId: e30910cf05f5c5db46804c65e664cd6e1a8e9f10)
    #1 0x5568bb6ce69f  (/home/cdc/deepSURF-sp26-artifacts/claims/claim1/rq1/bug#10-slice_deque-0.3.0/harness/target/x86_64-unknown-linux-gnu/debug/slice-deque_fuzz_4598399675069962417+0xce69f) (BuildId: e30910cf05f5c5db46804c65e664cd6e1a8e9f10)
    #2 0x5568bb6d8a1a  (/home/cdc/deepSURF-sp26-artifacts/claims/claim1/rq1/bug#10-slice_deque-0.3.0/harness/target/x86_64-unknown-linux-gnu/debug/slice-deque_fuzz_4598399675069962417+0xd8a1a) (BuildId: e30910cf05f5c5db46804c65e664cd6e1a8e9f10)
    #3 0x5568bb6c4221  (/home/cdc/deepSURF-sp26-artifacts/claims/claim1/rq1/bug#10-slice_deque-0.3.0/harness/target/x86_64-unknown-linux-gnu/debug/slice-deque_fuzz_4598399675069962417+0xc4221) (BuildId: e30910cf05f5c5db46804c65e664cd6e1a8e9f10)

previously allocated by thread T0 here:
    #0 0x5568bb698afe  (/home/cdc/deepSURF-sp26-artifacts/claims/claim1/rq1/bug#10-slice_deque-0.3.0/harness/target/x86_64-unknown-linux-gnu/debug/slice-deque_fuzz_4598399675069962417+0x98afe) (BuildId: e30910cf05f5c5db46804c65e664cd6e1a8e9f10)
    #1 0x5568bb6cdb19  (/home/cdc/deepSURF-sp26-artifacts/claims/claim1/rq1/bug#10-slice_deque-0.3.0/harness/target/x86_64-unknown-linux-gnu/debug/slice-deque_fuzz_4598399675069962417+0xcdb19) (BuildId: e30910cf05f5c5db46804c65e664cd6e1a8e9f10)
    #2 0x5568bb6d8a1a  (/home/cdc/deepSURF-sp26-artifacts/claims/claim1/rq1/bug#10-slice_deque-0.3.0/harness/target/x86_64-unknown-linux-gnu/debug/slice-deque_fuzz_4598399675069962417+0xd8a1a) (BuildId: e30910cf05f5c5db46804c65e664cd6e1a8e9f10)
    #3 0x5568bb6c4221  (/home/cdc/deepSURF-sp26-artifacts/claims/claim1/rq1/bug#10-slice_deque-0.3.0/harness/target/x86_64-unknown-linux-gnu/debug/slice-deque_fuzz_4598399675069962417+0xc4221) (BuildId: e30910cf05f5c5db46804c65e664cd6e1a8e9f10)

SUMMARY: AddressSanitizer: double-free (/home/cdc/deepSURF-sp26-artifacts/claims/claim1/rq1/bug#10-slice_deque-0.3.0/harness/target/x86_64-unknown-linux-gnu/debug/slice-deque_fuzz_4598399675069962417+0x98856) (BuildId: e30910cf05f5c5db46804c65e664cd6e1a8e9f10) 
==1382924==ABORTING
