     Removed 125 files, 51.2MiB total
   Compiling semver v1.0.26
   Compiling libc v0.2.175
   Compiling home v0.5.5
   Compiling xdg v2.5.2
   Compiling global_data v0.1.0 (/home/cdc/deepSURF-sp26-artifacts/artifact_code/global_data)
   Compiling afl v0.15.7
   Compiling rustc_version v0.4.1
   Compiling simple-slab v0.3.2 (/home/cdc/deepSURF-sp26-artifacts/artifact_data/dataset/erasan_crates/simple-slab-0.3.2)
warning: unnecessary parentheses around function argument
  --> /home/cdc/deepSURF-sp26-artifacts/artifact_data/dataset/erasan_crates/simple-slab-0.3.2/src/lib.rs:45:26
   |
45 |             libc::malloc((mem::size_of::<T>() * capacity)) as *mut T
   |                          ^                              ^
   |
   = note: `#[warn(unused_parens)]` on by default
help: remove these parentheses
   |
45 -             libc::malloc((mem::size_of::<T>() * capacity)) as *mut T
45 +             libc::malloc(mem::size_of::<T>() * capacity) as *mut T
   |

warning: unnecessary parentheses around function argument
   --> /home/cdc/deepSURF-sp26-artifacts/artifact_data/dataset/erasan_crates/simple-slab-0.3.2/src/lib.rs:137:27
    |
137 |                           (mem::size_of::<T>() * new_capacity)) as *mut T
    |                           ^                                  ^
    |
help: remove these parentheses
    |
137 -                           (mem::size_of::<T>() * new_capacity)) as *mut T
137 +                           mem::size_of::<T>() * new_capacity) as *mut T
    |

warning: `simple-slab` (lib) generated 2 warnings (run `cargo fix --lib -p simple-slab` to apply 2 suggestions)
   Compiling simple-slab_fuzz_12997837067481994914 v0.1.0 (/home/cdc/deepSURF-sp26-artifacts/claims/claim1/rq1/bug#18-simple-slab/harness)
warning: unused import: `simple_slab::*`
 --> src/simple-slab_fuzz_12997837067481994914.rs:5:5
  |
5 | use simple_slab::*;
  |     ^^^^^^^^^^^^^^
  |
  = note: `#[warn(unused_imports)]` on by default

warning: unused import: `std::str::FromStr`
 --> src/simple-slab_fuzz_12997837067481994914.rs:7:5
  |
7 | use std::str::FromStr;
  |     ^^^^^^^^^^^^^^^^^

warning: unused imports: `DerefMut`, `Deref`, `IndexMut`, `Index`
 --> src/simple-slab_fuzz_12997837067481994914.rs:8:16
  |
8 | use std::ops::{Deref, DerefMut, Index, IndexMut};
  |                ^^^^^  ^^^^^^^^  ^^^^^  ^^^^^^^^

warning: the item `TryInto` is imported redundantly
   --> src/simple-slab_fuzz_12997837067481994914.rs:173:9
    |
173 |     use std::convert::TryInto;
    |         ^^^^^^^^^^^^^^^^^^^^^
   --> /rustc/11f32b73e0dc9287e305b5b9980d24aecdc8c17f/library/std/src/prelude/mod.rs:129:13
    |
    = note: the item `TryInto` is already defined here

warning: the item `TryInto` is imported redundantly
   --> src/simple-slab_fuzz_12997837067481994914.rs:180:9
    |
180 |     use std::convert::TryInto;
    |         ^^^^^^^^^^^^^^^^^^^^^
   --> /rustc/11f32b73e0dc9287e305b5b9980d24aecdc8c17f/library/std/src/prelude/mod.rs:129:13
    |
    = note: the item `TryInto` is already defined here

warning: variable `GLOBAL_DATA` should have a snake case name
  --> src/simple-slab_fuzz_12997837067481994914.rs:20:13
   |
20 |         let GLOBAL_DATA = global_data.first_half;
   |             ^^^^^^^^^^^ help: convert the identifier to snake case: `global_data`
   |
   = note: `#[warn(non_snake_case)]` on by default

warning: `simple-slab_fuzz_12997837067481994914` (bin "simple-slab_fuzz_12997837067481994914") generated 6 warnings (run `cargo fix --bin "simple-slab_fuzz_12997837067481994914"` to apply 3 suggestions)
    Finished dev [unoptimized + debuginfo] target(s) in 2.37s
=================================================================
==1391483==ERROR: AddressSanitizer: heap-buffer-overflow on address 0x508000000080 at pc 0x5566a4f39151 bp 0x7ffd118bd1d0 sp 0x7ffd118bc990
READ of size 24 at 0x508000000080 thread T0
    #0 0x5566a4f39150  (/home/cdc/deepSURF-sp26-artifacts/claims/claim1/rq1/bug#18-simple-slab/harness/target/x86_64-unknown-linux-gnu/debug/simple-slab_fuzz_12997837067481994914+0x95150) (BuildId: d193cd71313c91b8e081efa31b0e6bdef71b12d8)
    #1 0x5566a4f653df  (/home/cdc/deepSURF-sp26-artifacts/claims/claim1/rq1/bug#18-simple-slab/harness/target/x86_64-unknown-linux-gnu/debug/simple-slab_fuzz_12997837067481994914+0xc13df) (BuildId: d193cd71313c91b8e081efa31b0e6bdef71b12d8)
    #2 0x5566a4f6a89a  (/home/cdc/deepSURF-sp26-artifacts/claims/claim1/rq1/bug#18-simple-slab/harness/target/x86_64-unknown-linux-gnu/debug/simple-slab_fuzz_12997837067481994914+0xc689a) (BuildId: d193cd71313c91b8e081efa31b0e6bdef71b12d8)
    #3 0x5566a4f692f1  (/home/cdc/deepSURF-sp26-artifacts/claims/claim1/rq1/bug#18-simple-slab/harness/target/x86_64-unknown-linux-gnu/debug/simple-slab_fuzz_12997837067481994914+0xc52f1) (BuildId: d193cd71313c91b8e081efa31b0e6bdef71b12d8)
    #4 0x5566a4f64041  (/home/cdc/deepSURF-sp26-artifacts/claims/claim1/rq1/bug#18-simple-slab/harness/target/x86_64-unknown-linux-gnu/debug/simple-slab_fuzz_12997837067481994914+0xc0041) (BuildId: d193cd71313c91b8e081efa31b0e6bdef71b12d8)
    #5 0x5566a4f64090  (/home/cdc/deepSURF-sp26-artifacts/claims/claim1/rq1/bug#18-simple-slab/harness/target/x86_64-unknown-linux-gnu/debug/simple-slab_fuzz_12997837067481994914+0xc0090) (BuildId: d193cd71313c91b8e081efa31b0e6bdef71b12d8)
    #6 0x5566a4f84a30  (/home/cdc/deepSURF-sp26-artifacts/claims/claim1/rq1/bug#18-simple-slab/harness/target/x86_64-unknown-linux-gnu/debug/simple-slab_fuzz_12997837067481994914+0xe0a30) (BuildId: d193cd71313c91b8e081efa31b0e6bdef71b12d8)
    #7 0x5566a4f6aa55  (/home/cdc/deepSURF-sp26-artifacts/claims/claim1/rq1/bug#18-simple-slab/harness/target/x86_64-unknown-linux-gnu/debug/simple-slab_fuzz_12997837067481994914+0xc6a55) (BuildId: d193cd71313c91b8e081efa31b0e6bdef71b12d8)
    #8 0x7fd73ac36d8f  (/lib/x86_64-linux-gnu/libc.so.6+0x29d8f) (BuildId: 490fef8403240c91833978d494d39e537409b92e)
    #9 0x7fd73ac36e3f  (/lib/x86_64-linux-gnu/libc.so.6+0x29e3f) (BuildId: 490fef8403240c91833978d494d39e537409b92e)
    #10 0x5566a4eb40d4  (/home/cdc/deepSURF-sp26-artifacts/claims/claim1/rq1/bug#18-simple-slab/harness/target/x86_64-unknown-linux-gnu/debug/simple-slab_fuzz_12997837067481994914+0x100d4) (BuildId: d193cd71313c91b8e081efa31b0e6bdef71b12d8)

0x508000000080 is located 0 bytes after 96-byte region [0x508000000020,0x508000000080)
allocated by thread T0 here:
    #0 0x5566a4f3b015  (/home/cdc/deepSURF-sp26-artifacts/claims/claim1/rq1/bug#18-simple-slab/harness/target/x86_64-unknown-linux-gnu/debug/simple-slab_fuzz_12997837067481994914+0x97015) (BuildId: d193cd71313c91b8e081efa31b0e6bdef71b12d8)
    #1 0x5566a4f66115  (/home/cdc/deepSURF-sp26-artifacts/claims/claim1/rq1/bug#18-simple-slab/harness/target/x86_64-unknown-linux-gnu/debug/simple-slab_fuzz_12997837067481994914+0xc2115) (BuildId: d193cd71313c91b8e081efa31b0e6bdef71b12d8)
    #2 0x5566a4f6a89a  (/home/cdc/deepSURF-sp26-artifacts/claims/claim1/rq1/bug#18-simple-slab/harness/target/x86_64-unknown-linux-gnu/debug/simple-slab_fuzz_12997837067481994914+0xc689a) (BuildId: d193cd71313c91b8e081efa31b0e6bdef71b12d8)
    #3 0x5566a4f64041  (/home/cdc/deepSURF-sp26-artifacts/claims/claim1/rq1/bug#18-simple-slab/harness/target/x86_64-unknown-linux-gnu/debug/simple-slab_fuzz_12997837067481994914+0xc0041) (BuildId: d193cd71313c91b8e081efa31b0e6bdef71b12d8)

SUMMARY: AddressSanitizer: heap-buffer-overflow (/home/cdc/deepSURF-sp26-artifacts/claims/claim1/rq1/bug#18-simple-slab/harness/target/x86_64-unknown-linux-gnu/debug/simple-slab_fuzz_12997837067481994914+0x95150) (BuildId: d193cd71313c91b8e081efa31b0e6bdef71b12d8) 
Shadow bytes around the buggy address:
  0x507ffffffe00: 00 00 00 00 00 00 00 00 00 00 00 00 00 00 00 00
  0x507ffffffe80: 00 00 00 00 00 00 00 00 00 00 00 00 00 00 00 00
  0x507fffffff00: 00 00 00 00 00 00 00 00 00 00 00 00 00 00 00 00
  0x507fffffff80: 00 00 00 00 00 00 00 00 00 00 00 00 00 00 00 00
  0x508000000000: fa fa fa fa 00 00 00 00 00 00 00 00 00 00 00 00
=>0x508000000080:[fa]fa fa fa fa fa fa fa fa fa fa fa fa fa fa fa
  0x508000000100: fa fa fa fa fa fa fa fa fa fa fa fa fa fa fa fa
  0x508000000180: fa fa fa fa fa fa fa fa fa fa fa fa fa fa fa fa
  0x508000000200: fa fa fa fa fa fa fa fa fa fa fa fa fa fa fa fa
  0x508000000280: fa fa fa fa fa fa fa fa fa fa fa fa fa fa fa fa
  0x508000000300: fa fa fa fa fa fa fa fa fa fa fa fa fa fa fa fa
Shadow byte legend (one shadow byte represents 8 application bytes):
  Addressable:           00
  Partially addressable: 01 02 03 04 05 06 07 
  Heap left redzone:       fa
  Freed heap region:       fd
  Stack left redzone:      f1
  Stack mid redzone:       f2
  Stack right redzone:     f3
  Stack after return:      f5
  Stack use after scope:   f8
  Global redzone:          f9
  Global init order:       f6
  Poisoned by user:        f7
  Container overflow:      fc
  Array cookie:            ac
  Intra object redzone:    bb
  ASan internal:           fe
  Left alloca redzone:     ca
  Right alloca redzone:    cb
==1391483==ABORTING
