     Removed 160 files, 78.7MiB total
   Compiling unicode-xid v0.1.0
   Compiling semver v1.0.26
   Compiling libc v0.2.175
   Compiling home v0.5.5
   Compiling xdg v2.5.2
   Compiling global_data v0.1.0 (/home/cdc/deepSURF-sp26-artifacts/artifact_code/global_data)
   Compiling proc-macro2 v0.2.3
   Compiling afl v0.15.7
   Compiling quote v0.4.2
   Compiling syn v0.12.15
   Compiling rustc_version v0.4.1
   Compiling endian_trait_derive v0.6.0
   Compiling endian_trait v0.6.0 (/home/cdc/deepSURF-sp26-artifacts/artifact_data/dataset/erasan_crates/endian_trait-0.6.0)
   Compiling endian_trait_fuzz_7198618591775168066 v0.1.0 (/home/cdc/deepSURF-sp26-artifacts/claims/claim1/rq1/bug#23-endian_trait/harness)
warning: unused import: `std::str::FromStr`
 --> src/endian_trait_fuzz_7198618591775168066.rs:7:5
  |
7 | use std::str::FromStr;
  |     ^^^^^^^^^^^^^^^^^
  |
  = note: `#[warn(unused_imports)]` on by default

warning: unused imports: `DerefMut`, `Deref`, `IndexMut`, `Index`
 --> src/endian_trait_fuzz_7198618591775168066.rs:8:16
  |
8 | use std::ops::{Deref, DerefMut, Index, IndexMut};
  |                ^^^^^  ^^^^^^^^  ^^^^^  ^^^^^^^^

warning: the item `TryInto` is imported redundantly
   --> src/endian_trait_fuzz_7198618591775168066.rs:336:9
    |
336 |     use std::convert::TryInto;
    |         ^^^^^^^^^^^^^^^^^^^^^
   --> /rustc/11f32b73e0dc9287e305b5b9980d24aecdc8c17f/library/std/src/prelude/mod.rs:129:13
    |
    = note: the item `TryInto` is already defined here

warning: the item `TryInto` is imported redundantly
   --> src/endian_trait_fuzz_7198618591775168066.rs:343:9
    |
343 |     use std::convert::TryInto;
    |         ^^^^^^^^^^^^^^^^^^^^^
   --> /rustc/11f32b73e0dc9287e305b5b9980d24aecdc8c17f/library/std/src/prelude/mod.rs:129:13
    |
    = note: the item `TryInto` is already defined here

warning: variable does not need to be mutable
  --> src/endian_trait_fuzz_7198618591775168066.rs:27:7
   |
27 |         let mut t_2 = _to_u8(GLOBAL_DATA, 9) % 17;
   |             ----^^^
   |             |
   |             help: remove this `mut`
   |
   = note: `#[warn(unused_mut)]` on by default

warning: variable does not need to be mutable
  --> src/endian_trait_fuzz_7198618591775168066.rs:47:7
   |
47 |         let mut t_6 = _to_u8(GLOBAL_DATA, 34) % 17;
   |             ----^^^
   |             |
   |             help: remove this `mut`

warning: variable does not need to be mutable
  --> src/endian_trait_fuzz_7198618591775168066.rs:67:7
   |
67 |         let mut t_10 = _to_u8(GLOBAL_DATA, 59) % 17;
   |             ----^^^^
   |             |
   |             help: remove this `mut`

warning: variable does not need to be mutable
  --> src/endian_trait_fuzz_7198618591775168066.rs:87:7
   |
87 |         let mut t_14 = _to_u8(GLOBAL_DATA, 84) % 17;
   |             ----^^^^
   |             |
   |             help: remove this `mut`

warning: variable does not need to be mutable
   --> src/endian_trait_fuzz_7198618591775168066.rs:101:7
    |
101 |         let mut t_0 = _to_u8(GLOBAL_DATA, 0) % 33;
    |             ----^^^
    |             |
    |             help: remove this `mut`

warning: variable does not need to be mutable
   --> src/endian_trait_fuzz_7198618591775168066.rs:104:7
    |
104 |         let mut t_18 = _to_u8(GLOBAL_DATA, 101) % 17;
    |             ----^^^^
    |             |
    |             help: remove this `mut`

warning: variable does not need to be mutable
   --> src/endian_trait_fuzz_7198618591775168066.rs:109:7
    |
109 |         let mut t_22 = _to_u8(GLOBAL_DATA, 118) % 17;
    |             ----^^^^
    |             |
    |             help: remove this `mut`

warning: variable does not need to be mutable
   --> src/endian_trait_fuzz_7198618591775168066.rs:114:7
    |
114 |         let mut t_26 = _to_u8(GLOBAL_DATA, 135) % 17;
    |             ----^^^^
    |             |
    |             help: remove this `mut`

warning: variable does not need to be mutable
   --> src/endian_trait_fuzz_7198618591775168066.rs:119:7
    |
119 |         let mut t_30 = _to_u8(GLOBAL_DATA, 152) % 17;
    |             ----^^^^
    |             |
    |             help: remove this `mut`

warning: variable does not need to be mutable
   --> src/endian_trait_fuzz_7198618591775168066.rs:124:7
    |
124 |         let mut t_34 = _to_u8(GLOBAL_DATA, 169) % 17;
    |             ----^^^^
    |             |
    |             help: remove this `mut`

warning: variable does not need to be mutable
   --> src/endian_trait_fuzz_7198618591775168066.rs:129:7
    |
129 |         let mut t_38 = _to_u8(GLOBAL_DATA, 186) % 17;
    |             ----^^^^
    |             |
    |             help: remove this `mut`

warning: variable does not need to be mutable
   --> src/endian_trait_fuzz_7198618591775168066.rs:134:7
    |
134 |         let mut t_42 = _to_u8(GLOBAL_DATA, 203) % 17;
    |             ----^^^^
    |             |
    |             help: remove this `mut`

warning: variable does not need to be mutable
   --> src/endian_trait_fuzz_7198618591775168066.rs:139:7
    |
139 |         let mut t_46 = _to_u8(GLOBAL_DATA, 220) % 17;
    |             ----^^^^
    |             |
    |             help: remove this `mut`

warning: variable does not need to be mutable
   --> src/endian_trait_fuzz_7198618591775168066.rs:144:7
    |
144 |         let mut t_50 = _to_u8(GLOBAL_DATA, 237) % 17;
    |             ----^^^^
    |             |
    |             help: remove this `mut`

warning: variable does not need to be mutable
   --> src/endian_trait_fuzz_7198618591775168066.rs:149:7
    |
149 |         let mut t_54 = _to_u8(GLOBAL_DATA, 254) % 17;
    |             ----^^^^
    |             |
    |             help: remove this `mut`

warning: variable does not need to be mutable
   --> src/endian_trait_fuzz_7198618591775168066.rs:154:7
    |
154 |         let mut t_58 = _to_u8(GLOBAL_DATA, 271) % 17;
    |             ----^^^^
    |             |
    |             help: remove this `mut`

warning: variable does not need to be mutable
   --> src/endian_trait_fuzz_7198618591775168066.rs:159:7
    |
159 |         let mut t_62 = _to_u8(GLOBAL_DATA, 288) % 17;
    |             ----^^^^
    |             |
    |             help: remove this `mut`

warning: variable does not need to be mutable
   --> src/endian_trait_fuzz_7198618591775168066.rs:164:7
    |
164 |         let mut t_66 = _to_u8(GLOBAL_DATA, 305) % 17;
    |             ----^^^^
    |             |
    |             help: remove this `mut`

warning: variable does not need to be mutable
   --> src/endian_trait_fuzz_7198618591775168066.rs:169:7
    |
169 |         let mut t_70 = _to_u8(GLOBAL_DATA, 322) % 17;
    |             ----^^^^
    |             |
    |             help: remove this `mut`

warning: variable does not need to be mutable
   --> src/endian_trait_fuzz_7198618591775168066.rs:174:7
    |
174 |         let mut t_74 = _to_u8(GLOBAL_DATA, 339) % 17;
    |             ----^^^^
    |             |
    |             help: remove this `mut`

warning: variable does not need to be mutable
   --> src/endian_trait_fuzz_7198618591775168066.rs:179:7
    |
179 |         let mut t_78 = _to_u8(GLOBAL_DATA, 356) % 17;
    |             ----^^^^
    |             |
    |             help: remove this `mut`

warning: variable does not need to be mutable
   --> src/endian_trait_fuzz_7198618591775168066.rs:184:7
    |
184 |         let mut t_82 = _to_u8(GLOBAL_DATA, 373) % 17;
    |             ----^^^^
    |             |
    |             help: remove this `mut`

warning: variable does not need to be mutable
   --> src/endian_trait_fuzz_7198618591775168066.rs:189:7
    |
189 |         let mut t_86 = _to_u8(GLOBAL_DATA, 390) % 17;
    |             ----^^^^
    |             |
    |             help: remove this `mut`

warning: variable does not need to be mutable
   --> src/endian_trait_fuzz_7198618591775168066.rs:194:7
    |
194 |         let mut t_90 = _to_u8(GLOBAL_DATA, 407) % 17;
    |             ----^^^^
    |             |
    |             help: remove this `mut`

warning: variable does not need to be mutable
   --> src/endian_trait_fuzz_7198618591775168066.rs:199:7
    |
199 |         let mut t_94 = _to_u8(GLOBAL_DATA, 424) % 17;
    |             ----^^^^
    |             |
    |             help: remove this `mut`

warning: variable does not need to be mutable
   --> src/endian_trait_fuzz_7198618591775168066.rs:204:7
    |
204 |         let mut t_98 = _to_u8(GLOBAL_DATA, 441) % 17;
    |             ----^^^^
    |             |
    |             help: remove this `mut`

warning: variable does not need to be mutable
   --> src/endian_trait_fuzz_7198618591775168066.rs:209:7
    |
209 |         let mut t_102 = _to_u8(GLOBAL_DATA, 458) % 17;
    |             ----^^^^^
    |             |
    |             help: remove this `mut`

warning: variable does not need to be mutable
   --> src/endian_trait_fuzz_7198618591775168066.rs:214:7
    |
214 |         let mut t_106 = _to_u8(GLOBAL_DATA, 475) % 17;
    |             ----^^^^^
    |             |
    |             help: remove this `mut`

warning: variable does not need to be mutable
   --> src/endian_trait_fuzz_7198618591775168066.rs:219:7
    |
219 |         let mut t_110 = _to_u8(GLOBAL_DATA, 492) % 17;
    |             ----^^^^^
    |             |
    |             help: remove this `mut`

warning: variable does not need to be mutable
   --> src/endian_trait_fuzz_7198618591775168066.rs:224:7
    |
224 |         let mut t_114 = _to_u8(GLOBAL_DATA, 509) % 17;
    |             ----^^^^^
    |             |
    |             help: remove this `mut`

warning: variable does not need to be mutable
   --> src/endian_trait_fuzz_7198618591775168066.rs:229:7
    |
229 |         let mut t_118 = _to_u8(GLOBAL_DATA, 526) % 17;
    |             ----^^^^^
    |             |
    |             help: remove this `mut`

warning: variable does not need to be mutable
   --> src/endian_trait_fuzz_7198618591775168066.rs:234:7
    |
234 |         let mut t_122 = _to_u8(GLOBAL_DATA, 543) % 17;
    |             ----^^^^^
    |             |
    |             help: remove this `mut`

warning: variable does not need to be mutable
   --> src/endian_trait_fuzz_7198618591775168066.rs:239:7
    |
239 |         let mut t_126 = _to_u8(GLOBAL_DATA, 560) % 17;
    |             ----^^^^^
    |             |
    |             help: remove this `mut`

warning: variable does not need to be mutable
   --> src/endian_trait_fuzz_7198618591775168066.rs:244:7
    |
244 |         let mut t_130 = _to_u8(GLOBAL_DATA, 577) % 17;
    |             ----^^^^^
    |             |
    |             help: remove this `mut`

warning: variable does not need to be mutable
   --> src/endian_trait_fuzz_7198618591775168066.rs:249:7
    |
249 |         let mut t_134 = _to_u8(GLOBAL_DATA, 594) % 17;
    |             ----^^^^^
    |             |
    |             help: remove this `mut`

warning: variable does not need to be mutable
   --> src/endian_trait_fuzz_7198618591775168066.rs:254:7
    |
254 |         let mut t_138 = _to_u8(GLOBAL_DATA, 611) % 17;
    |             ----^^^^^
    |             |
    |             help: remove this `mut`

warning: variable does not need to be mutable
   --> src/endian_trait_fuzz_7198618591775168066.rs:259:7
    |
259 |         let mut t_142 = _to_u8(GLOBAL_DATA, 628) % 17;
    |             ----^^^^^
    |             |
    |             help: remove this `mut`

warning: variable `GLOBAL_DATA` should have a snake case name
  --> src/endian_trait_fuzz_7198618591775168066.rs:16:7
   |
16 |         let GLOBAL_DATA = global_data.first_half;
   |             ^^^^^^^^^^^ help: convert the identifier to snake case: `global_data`
   |
   = note: `#[warn(non_snake_case)]` on by default

warning: variable `GLOBAL_DATA` should have a snake case name
  --> src/endian_trait_fuzz_7198618591775168066.rs:23:7
   |
23 |         let GLOBAL_DATA = match selector{
   |             ^^^^^^^^^^^ help: convert the identifier to snake case: `global_data`

warning: variable `GLOBAL_DATA` should have a snake case name
  --> src/endian_trait_fuzz_7198618591775168066.rs:36:7
   |
36 |         let GLOBAL_DATA = global_data.first_half;
   |             ^^^^^^^^^^^ help: convert the identifier to snake case: `global_data`

warning: variable `GLOBAL_DATA` should have a snake case name
  --> src/endian_trait_fuzz_7198618591775168066.rs:43:7
   |
43 |         let GLOBAL_DATA = match selector{
   |             ^^^^^^^^^^^ help: convert the identifier to snake case: `global_data`

warning: variable `GLOBAL_DATA` should have a snake case name
  --> src/endian_trait_fuzz_7198618591775168066.rs:56:7
   |
56 |         let GLOBAL_DATA = global_data.first_half;
   |             ^^^^^^^^^^^ help: convert the identifier to snake case: `global_data`

warning: variable `GLOBAL_DATA` should have a snake case name
  --> src/endian_trait_fuzz_7198618591775168066.rs:63:7
   |
63 |         let GLOBAL_DATA = match selector{
   |             ^^^^^^^^^^^ help: convert the identifier to snake case: `global_data`

warning: variable `GLOBAL_DATA` should have a snake case name
  --> src/endian_trait_fuzz_7198618591775168066.rs:76:7
   |
76 |         let GLOBAL_DATA = global_data.first_half;
   |             ^^^^^^^^^^^ help: convert the identifier to snake case: `global_data`

warning: variable `GLOBAL_DATA` should have a snake case name
  --> src/endian_trait_fuzz_7198618591775168066.rs:83:7
   |
83 |         let GLOBAL_DATA = match selector{
   |             ^^^^^^^^^^^ help: convert the identifier to snake case: `global_data`

warning: variable `GLOBAL_DATA` should have a snake case name
   --> src/endian_trait_fuzz_7198618591775168066.rs:100:7
    |
100 |         let GLOBAL_DATA = global_data.first_half;
    |             ^^^^^^^^^^^ help: convert the identifier to snake case: `global_data`

warning: `endian_trait_fuzz_7198618591775168066` (bin "endian_trait_fuzz_7198618591775168066") generated 50 warnings (run `cargo fix --bin "endian_trait_fuzz_7198618591775168066"` to apply 39 suggestions)
    Finished dev [unoptimized + debuginfo] target(s) in 3.16s
warning: the following packages contain code that will be rejected by a future version of Rust: syn v0.12.15
note: to see what the problems were, use the option `--future-incompat-report`, or run `cargo report future-incompatibilities --id 1`
thread 'main' panicked at src/endian_trait_fuzz_7198618591775168066.rs:59:24:
attempt to add with overflow
note: run with `RUST_BACKTRACE=1` environment variable to display a backtrace
=================================================================
==1398156==ERROR: AddressSanitizer: attempting double-free on 0x502000000030 in thread T0:
    #0 0x5635e975c986  (/home/cdc/deepSURF-sp26-artifacts/claims/claim1/rq1/bug#23-endian_trait/harness/target/x86_64-unknown-linux-gnu/debug/endian_trait_fuzz_7198618591775168066+0x95986) (BuildId: a74e85bf8bbf57b1d3c1657443760e9041f90a2b)
    #1 0x5635e9794de7  (/home/cdc/deepSURF-sp26-artifacts/claims/claim1/rq1/bug#23-endian_trait/harness/target/x86_64-unknown-linux-gnu/debug/endian_trait_fuzz_7198618591775168066+0xcdde7) (BuildId: a74e85bf8bbf57b1d3c1657443760e9041f90a2b)
    #2 0x5635e9797bba  (/home/cdc/deepSURF-sp26-artifacts/claims/claim1/rq1/bug#23-endian_trait/harness/target/x86_64-unknown-linux-gnu/debug/endian_trait_fuzz_7198618591775168066+0xd0bba) (BuildId: a74e85bf8bbf57b1d3c1657443760e9041f90a2b)
    #3 0x5635e9796f31  (/home/cdc/deepSURF-sp26-artifacts/claims/claim1/rq1/bug#23-endian_trait/harness/target/x86_64-unknown-linux-gnu/debug/endian_trait_fuzz_7198618591775168066+0xcff31) (BuildId: a74e85bf8bbf57b1d3c1657443760e9041f90a2b)
    #4 0x5635e9786031  (/home/cdc/deepSURF-sp26-artifacts/claims/claim1/rq1/bug#23-endian_trait/harness/target/x86_64-unknown-linux-gnu/debug/endian_trait_fuzz_7198618591775168066+0xbf031) (BuildId: a74e85bf8bbf57b1d3c1657443760e9041f90a2b)
    #5 0x5635e9786080  (/home/cdc/deepSURF-sp26-artifacts/claims/claim1/rq1/bug#23-endian_trait/harness/target/x86_64-unknown-linux-gnu/debug/endian_trait_fuzz_7198618591775168066+0xbf080) (BuildId: a74e85bf8bbf57b1d3c1657443760e9041f90a2b)
    #6 0x5635e97b1bf0  (/home/cdc/deepSURF-sp26-artifacts/claims/claim1/rq1/bug#23-endian_trait/harness/target/x86_64-unknown-linux-gnu/debug/endian_trait_fuzz_7198618591775168066+0xeabf0) (BuildId: a74e85bf8bbf57b1d3c1657443760e9041f90a2b)
    #7 0x5635e9797d75  (/home/cdc/deepSURF-sp26-artifacts/claims/claim1/rq1/bug#23-endian_trait/harness/target/x86_64-unknown-linux-gnu/debug/endian_trait_fuzz_7198618591775168066+0xd0d75) (BuildId: a74e85bf8bbf57b1d3c1657443760e9041f90a2b)
    #8 0x7f508a91ad8f  (/lib/x86_64-linux-gnu/libc.so.6+0x29d8f) (BuildId: 490fef8403240c91833978d494d39e537409b92e)
    #9 0x7f508a91ae3f  (/lib/x86_64-linux-gnu/libc.so.6+0x29e3f) (BuildId: 490fef8403240c91833978d494d39e537409b92e)
    #10 0x5635e96d6364  (/home/cdc/deepSURF-sp26-artifacts/claims/claim1/rq1/bug#23-endian_trait/harness/target/x86_64-unknown-linux-gnu/debug/endian_trait_fuzz_7198618591775168066+0xf364) (BuildId: a74e85bf8bbf57b1d3c1657443760e9041f90a2b)

0x502000000030 is located 0 bytes inside of 10-byte region [0x502000000030,0x50200000003a)
freed by thread T0 here:
    #0 0x5635e975c986  (/home/cdc/deepSURF-sp26-artifacts/claims/claim1/rq1/bug#23-endian_trait/harness/target/x86_64-unknown-linux-gnu/debug/endian_trait_fuzz_7198618591775168066+0x95986) (BuildId: a74e85bf8bbf57b1d3c1657443760e9041f90a2b)
    #1 0x5635e9794c7b  (/home/cdc/deepSURF-sp26-artifacts/claims/claim1/rq1/bug#23-endian_trait/harness/target/x86_64-unknown-linux-gnu/debug/endian_trait_fuzz_7198618591775168066+0xcdc7b) (BuildId: a74e85bf8bbf57b1d3c1657443760e9041f90a2b)
    #2 0x5635e9797bba  (/home/cdc/deepSURF-sp26-artifacts/claims/claim1/rq1/bug#23-endian_trait/harness/target/x86_64-unknown-linux-gnu/debug/endian_trait_fuzz_7198618591775168066+0xd0bba) (BuildId: a74e85bf8bbf57b1d3c1657443760e9041f90a2b)
    #3 0x5635e9786031  (/home/cdc/deepSURF-sp26-artifacts/claims/claim1/rq1/bug#23-endian_trait/harness/target/x86_64-unknown-linux-gnu/debug/endian_trait_fuzz_7198618591775168066+0xbf031) (BuildId: a74e85bf8bbf57b1d3c1657443760e9041f90a2b)

previously allocated by thread T0 here:
    #0 0x5635e975cc2e  (/home/cdc/deepSURF-sp26-artifacts/claims/claim1/rq1/bug#23-endian_trait/harness/target/x86_64-unknown-linux-gnu/debug/endian_trait_fuzz_7198618591775168066+0x95c2e) (BuildId: a74e85bf8bbf57b1d3c1657443760e9041f90a2b)
    #1 0x5635e9786795  (/home/cdc/deepSURF-sp26-artifacts/claims/claim1/rq1/bug#23-endian_trait/harness/target/x86_64-unknown-linux-gnu/debug/endian_trait_fuzz_7198618591775168066+0xbf795) (BuildId: a74e85bf8bbf57b1d3c1657443760e9041f90a2b)
    #2 0x5635e9797bba  (/home/cdc/deepSURF-sp26-artifacts/claims/claim1/rq1/bug#23-endian_trait/harness/target/x86_64-unknown-linux-gnu/debug/endian_trait_fuzz_7198618591775168066+0xd0bba) (BuildId: a74e85bf8bbf57b1d3c1657443760e9041f90a2b)
    #3 0x5635e9786031  (/home/cdc/deepSURF-sp26-artifacts/claims/claim1/rq1/bug#23-endian_trait/harness/target/x86_64-unknown-linux-gnu/debug/endian_trait_fuzz_7198618591775168066+0xbf031) (BuildId: a74e85bf8bbf57b1d3c1657443760e9041f90a2b)

SUMMARY: AddressSanitizer: double-free (/home/cdc/deepSURF-sp26-artifacts/claims/claim1/rq1/bug#23-endian_trait/harness/target/x86_64-unknown-linux-gnu/debug/endian_trait_fuzz_7198618591775168066+0x95986) (BuildId: a74e85bf8bbf57b1d3c1657443760e9041f90a2b) 
==1398156==ABORTING
