/home/cdc/rug_on_erasan_after_bolero/algorithmica-0.1.8//./src/search/tests.rs
/home/cdc/rug_on_erasan_after_bolero/algorithmica-0.1.8//./src/search/mod.rs
/home/cdc/rug_on_erasan_after_bolero/algorithmica-0.1.8//./src/search/binary.rs
/home/cdc/rug_on_erasan_after_bolero/algorithmica-0.1.8//./src/tree/red_black.rs
/home/cdc/rug_on_erasan_after_bolero/algorithmica-0.1.8//./src/tree/mod.rs
/home/cdc/rug_on_erasan_after_bolero/algorithmica-0.1.8//./src/tree/bst.rs
/home/cdc/rug_on_erasan_after_bolero/algorithmica-0.1.8//./src/sort/merge_sort.rs
/home/cdc/rug_on_erasan_after_bolero/algorithmica-0.1.8//./src/sort/mod.rs
/home/cdc/rug_on_erasan_after_bolero/algorithmica-0.1.8//./src/sort/heap_sort.rs
/home/cdc/rug_on_erasan_after_bolero/algorithmica-0.1.8//./src/sort/bubble.rs
/home/cdc/rug_on_erasan_after_bolero/algorithmica-0.1.8//./src/sort/insertion.rs
/home/cdc/rug_on_erasan_after_bolero/algorithmica-0.1.8//./src/sort/selection.rs
/home/cdc/rug_on_erasan_after_bolero/algorithmica-0.1.8//./src/sort/is_sorted.rs
/home/cdc/rug_on_erasan_after_bolero/algorithmica-0.1.8//./src/sort/test.rs
/home/cdc/rug_on_erasan_after_bolero/algorithmica-0.1.8//./src/sort/quick_sort.rs
/home/cdc/rug_on_erasan_after_bolero/algorithmica-0.1.8//./src/subset.rs
/home/cdc/rug_on_erasan_after_bolero/algorithmica-0.1.8//./src/lib.rs
/home/cdc/rug_on_erasan_after_bolero/algorithmica-0.1.8//./src/graph/connectivity.rs
/home/cdc/rug_on_erasan_after_bolero/algorithmica-0.1.8//./src/graph/mod.rs
/home/cdc/rug_on_erasan_after_bolero/algorithmica-0.1.8//./src/math/mod.rs
/home/cdc/rug_on_erasan_after_bolero/algorithmica-0.1.8//./src/math/matrix.rs
done
