     Removed 124 files, 53.6MiB total
   Compiling semver v1.0.26
   Compiling libc v0.2.175
   Compiling home v0.5.5
   Compiling xdg v2.5.2
   Compiling global_data v0.1.0 (/home/cdc/deepSURF-sp26-artifacts/artifact_code/global_data)
   Compiling afl v0.15.7
   Compiling rustc_version v0.4.1
   Compiling arenavec v0.1.1 (/home/cdc/deepSURF-sp26-artifacts/artifact_data/dataset/rustsan_crates/arenavec-0.1.1)
   Compiling arenavec_fuzz_3386935091047480328 v0.1.0 (/home/cdc/deepSURF-sp26-artifacts/claims/claim1/rq1/bug#37-arenavec/harness)
warning: unused import: `arenavec::*`
 --> src/arenavec_fuzz_3386935091047480328.rs:5:5
  |
5 | use arenavec::*;
  |     ^^^^^^^^^^^
  |
  = note: `#[warn(unused_imports)]` on by default

warning: unused import: `std::str::FromStr`
 --> src/arenavec_fuzz_3386935091047480328.rs:7:5
  |
7 | use std::str::FromStr;
  |     ^^^^^^^^^^^^^^^^^

warning: unused imports: `DerefMut`, `Deref`, `IndexMut`, `Index`
 --> src/arenavec_fuzz_3386935091047480328.rs:8:16
  |
8 | use std::ops::{Deref, DerefMut, Index, IndexMut};
  |                ^^^^^  ^^^^^^^^  ^^^^^  ^^^^^^^^

warning: the item `TryInto` is imported redundantly
   --> src/arenavec_fuzz_3386935091047480328.rs:151:9
    |
151 |     use std::convert::TryInto;
    |         ^^^^^^^^^^^^^^^^^^^^^
   --> /rustc/11f32b73e0dc9287e305b5b9980d24aecdc8c17f/library/std/src/prelude/mod.rs:129:13
    |
    = note: the item `TryInto` is already defined here

warning: the item `TryInto` is imported redundantly
   --> src/arenavec_fuzz_3386935091047480328.rs:158:9
    |
158 |     use std::convert::TryInto;
    |         ^^^^^^^^^^^^^^^^^^^^^
   --> /rustc/11f32b73e0dc9287e305b5b9980d24aecdc8c17f/library/std/src/prelude/mod.rs:129:13
    |
    = note: the item `TryInto` is already defined here

warning: variable does not need to be mutable
  --> src/arenavec_fuzz_3386935091047480328.rs:17:13
   |
17 |         let mut op_count = _to_u8(GLOBAL_DATA, 64) % 8;
   |             ----^^^^^^^^
   |             |
   |             help: remove this `mut`
   |
   = note: `#[warn(unused_mut)]` on by default

warning: variable does not need to be mutable
  --> src/arenavec_fuzz_3386935091047480328.rs:35:25
   |
35 |                     let mut t_22 = _to_u8(GLOBAL_DATA, handle_idx) % 17;
   |                         ----^^^^
   |                         |
   |                         help: remove this `mut`

warning: variable `GLOBAL_DATA` should have a snake case name
  --> src/arenavec_fuzz_3386935091047480328.rs:15:13
   |
15 |         let GLOBAL_DATA = global_data.first_half;
   |             ^^^^^^^^^^^ help: convert the identifier to snake case: `global_data`
   |
   = note: `#[warn(non_snake_case)]` on by default

warning: `arenavec_fuzz_3386935091047480328` (bin "arenavec_fuzz_3386935091047480328") generated 8 warnings (run `cargo fix --bin "arenavec_fuzz_3386935091047480328"` to apply 5 suggestions)
    Finished dev [unoptimized + debuginfo] target(s) in 2.42s
=================================================================
==1414990==ERROR: AddressSanitizer: heap-buffer-overflow on address 0x525000003100 at pc 0x55c7f0abbce4 bp 0x7ffcf44479b0 sp 0x7ffcf44479a8
WRITE of size 8 at 0x525000003100 thread T0
    #0 0x55c7f0abbce3  (/home/cdc/deepSURF-sp26-artifacts/claims/claim1/rq1/bug#37-arenavec/harness/target/x86_64-unknown-linux-gnu/debug/arenavec_fuzz_3386935091047480328+0xc1ce3) (BuildId: eb00f7b2cf41fff01e4f6ca00ef3bb034df80a62)
    #1 0x55c7f0ac1c2a  (/home/cdc/deepSURF-sp26-artifacts/claims/claim1/rq1/bug#37-arenavec/harness/target/x86_64-unknown-linux-gnu/debug/arenavec_fuzz_3386935091047480328+0xc7c2a) (BuildId: eb00f7b2cf41fff01e4f6ca00ef3bb034df80a62)
    #2 0x55c7f0ac08a1  (/home/cdc/deepSURF-sp26-artifacts/claims/claim1/rq1/bug#37-arenavec/harness/target/x86_64-unknown-linux-gnu/debug/arenavec_fuzz_3386935091047480328+0xc68a1) (BuildId: eb00f7b2cf41fff01e4f6ca00ef3bb034df80a62)
    #3 0x55c7f0ab98f1  (/home/cdc/deepSURF-sp26-artifacts/claims/claim1/rq1/bug#37-arenavec/harness/target/x86_64-unknown-linux-gnu/debug/arenavec_fuzz_3386935091047480328+0xbf8f1) (BuildId: eb00f7b2cf41fff01e4f6ca00ef3bb034df80a62)
    #4 0x55c7f0ab9940  (/home/cdc/deepSURF-sp26-artifacts/claims/claim1/rq1/bug#37-arenavec/harness/target/x86_64-unknown-linux-gnu/debug/arenavec_fuzz_3386935091047480328+0xbf940) (BuildId: eb00f7b2cf41fff01e4f6ca00ef3bb034df80a62)
    #5 0x55c7f0adca40  (/home/cdc/deepSURF-sp26-artifacts/claims/claim1/rq1/bug#37-arenavec/harness/target/x86_64-unknown-linux-gnu/debug/arenavec_fuzz_3386935091047480328+0xe2a40) (BuildId: eb00f7b2cf41fff01e4f6ca00ef3bb034df80a62)
    #6 0x55c7f0ac1de5  (/home/cdc/deepSURF-sp26-artifacts/claims/claim1/rq1/bug#37-arenavec/harness/target/x86_64-unknown-linux-gnu/debug/arenavec_fuzz_3386935091047480328+0xc7de5) (BuildId: eb00f7b2cf41fff01e4f6ca00ef3bb034df80a62)
    #7 0x7fce1a0e4d8f  (/lib/x86_64-linux-gnu/libc.so.6+0x29d8f) (BuildId: 490fef8403240c91833978d494d39e537409b92e)
    #8 0x7fce1a0e4e3f  (/lib/x86_64-linux-gnu/libc.so.6+0x29e3f) (BuildId: 490fef8403240c91833978d494d39e537409b92e)
    #9 0x55c7f0a09d54  (/home/cdc/deepSURF-sp26-artifacts/claims/claim1/rq1/bug#37-arenavec/harness/target/x86_64-unknown-linux-gnu/debug/arenavec_fuzz_3386935091047480328+0xfd54) (BuildId: eb00f7b2cf41fff01e4f6ca00ef3bb034df80a62)

0x525000003101 is located 0 bytes after 257-byte region [0x525000003000,0x525000003101)
allocated by thread T0 here:
    #0 0x55c7f0a91067  (/home/cdc/deepSURF-sp26-artifacts/claims/claim1/rq1/bug#37-arenavec/harness/target/x86_64-unknown-linux-gnu/debug/arenavec_fuzz_3386935091047480328+0x97067) (BuildId: eb00f7b2cf41fff01e4f6ca00ef3bb034df80a62)
    #1 0x55c7f0ae1c98  (/home/cdc/deepSURF-sp26-artifacts/claims/claim1/rq1/bug#37-arenavec/harness/target/x86_64-unknown-linux-gnu/debug/arenavec_fuzz_3386935091047480328+0xe7c98) (BuildId: eb00f7b2cf41fff01e4f6ca00ef3bb034df80a62)

SUMMARY: AddressSanitizer: heap-buffer-overflow (/home/cdc/deepSURF-sp26-artifacts/claims/claim1/rq1/bug#37-arenavec/harness/target/x86_64-unknown-linux-gnu/debug/arenavec_fuzz_3386935091047480328+0xc1ce3) (BuildId: eb00f7b2cf41fff01e4f6ca00ef3bb034df80a62) 
Shadow bytes around the buggy address:
  0x525000002e80: fa fa fa fa fa fa fa fa fa fa fa fa fa fa fa fa
  0x525000002f00: fa fa fa fa fa fa fa fa fa fa fa fa fa fa fa fa
  0x525000002f80: fa fa fa fa fa fa fa fa fa fa fa fa fa fa fa fa
  0x525000003000: 00 00 00 00 00 00 00 00 00 00 00 00 00 00 00 00
  0x525000003080: 00 00 00 00 00 00 00 00 00 00 00 00 00 00 00 00
=>0x525000003100:[01]fa fa fa fa fa fa fa fa fa fa fa fa fa fa fa
  0x525000003180: fa fa fa fa fa fa fa fa fa fa fa fa fa fa fa fa
  0x525000003200: fa fa fa fa fa fa fa fa fa fa fa fa fa fa fa fa
  0x525000003280: fa fa fa fa fa fa fa fa fa fa fa fa fa fa fa fa
  0x525000003300: fa fa fa fa fa fa fa fa fa fa fa fa fa fa fa fa
  0x525000003380: fa fa fa fa fa fa fa fa fa fa fa fa fa fa fa fa
Shadow byte legend (one shadow byte represents 8 application bytes):
  Addressable:           00
  Partially addressable: 01 02 03 04 05 06 07 
  Heap left redzone:       fa
  Freed heap region:       fd
  Stack left redzone:      f1
  Stack mid redzone:       f2
  Stack right redzone:     f3
  Stack after return:      f5
  Stack use after scope:   f8
  Global redzone:          f9
  Global init order:       f6
  Poisoned by user:        f7
  Container overflow:      fc
  Array cookie:            ac
  Intra object redzone:    bb
  ASan internal:           fe
  Left alloca redzone:     ca
  Right alloca redzone:    cb
==1414990==ABORTING
