/home/cdc/rug_on_erasan_after_bolero/arc-swap-1.0.0//./src/access.rs
/home/cdc/rug_on_erasan_after_bolero/arc-swap-1.0.0//./src/docs/internal.rs
/home/cdc/rug_on_erasan_after_bolero/arc-swap-1.0.0//./src/docs/patterns.rs
/home/cdc/rug_on_erasan_after_bolero/arc-swap-1.0.0//./src/docs/performance.rs
/home/cdc/rug_on_erasan_after_bolero/arc-swap-1.0.0//./src/docs/limitations.rs
/home/cdc/rug_on_erasan_after_bolero/arc-swap-1.0.0//./src/docs/mod.rs
/home/cdc/rug_on_erasan_after_bolero/arc-swap-1.0.0//./src/debt.rs
/home/cdc/rug_on_erasan_after_bolero/arc-swap-1.0.0//./src/compile_fail_tests.rs
/home/cdc/rug_on_erasan_after_bolero/arc-swap-1.0.0//./src/ref_cnt.rs
/home/cdc/rug_on_erasan_after_bolero/arc-swap-1.0.0//./src/as_raw.rs
/home/cdc/rug_on_erasan_after_bolero/arc-swap-1.0.0//./src/cache.rs
/home/cdc/rug_on_erasan_after_bolero/arc-swap-1.0.0//./src/lib.rs
/home/cdc/rug_on_erasan_after_bolero/arc-swap-1.0.0//./src/gen_lock.rs
/home/cdc/rug_on_erasan_after_bolero/arc-swap-1.0.0//./src/weak.rs
/home/cdc/rug_on_erasan_after_bolero/arc-swap-1.0.0//./src/strategy/hybrid.rs
/home/cdc/rug_on_erasan_after_bolero/arc-swap-1.0.0//./src/strategy/mod.rs
/home/cdc/rug_on_erasan_after_bolero/arc-swap-1.0.0//./src/strategy/gen_lock.rs
/home/cdc/rug_on_erasan_after_bolero/arc-swap-1.0.0//./src/strategy/rw_lock.rs
/home/cdc/rug_on_erasan_after_bolero/arc-swap-1.0.0//./src/strategy/experimental.rs
done
