 ./fuzz_transform/target/release/fuzz_transform /home/cdc/rug_on_erasan_after_bolero/smallvec-1.6.0/./src/tests.rs
 ./fuzz_transform/target/release/fuzz_transform /home/cdc/rug_on_erasan_after_bolero/smallvec-1.6.0/./src/lib.rs
err smallvec-1.6.0 /home/cdc/rug_on_erasan_after_bolero/smallvec-1.6.0/./src/lib.rs tests_rug_1
err smallvec-1.6.0 /home/cdc/rug_on_erasan_after_bolero/smallvec-1.6.0/./src/lib.rs tests_rug_2
err smallvec-1.6.0 /home/cdc/rug_on_erasan_after_bolero/smallvec-1.6.0/./src/lib.rs tests_rug_3
err smallvec-1.6.0 /home/cdc/rug_on_erasan_after_bolero/smallvec-1.6.0/./src/lib.rs tests_rug_4
err smallvec-1.6.0 /home/cdc/rug_on_erasan_after_bolero/smallvec-1.6.0/./src/lib.rs tests_rug_18
err smallvec-1.6.0 /home/cdc/rug_on_erasan_after_bolero/smallvec-1.6.0/./src/lib.rs tests_rug_19
err smallvec-1.6.0 /home/cdc/rug_on_erasan_after_bolero/smallvec-1.6.0/./src/lib.rs tests_rug_21
err smallvec-1.6.0 /home/cdc/rug_on_erasan_after_bolero/smallvec-1.6.0/./src/lib.rs tests_rug_22
err smallvec-1.6.0 /home/cdc/rug_on_erasan_after_bolero/smallvec-1.6.0/./src/lib.rs tests_rug_23
err smallvec-1.6.0 /home/cdc/rug_on_erasan_after_bolero/smallvec-1.6.0/./src/lib.rs tests_rug_28
err smallvec-1.6.0 /home/cdc/rug_on_erasan_after_bolero/smallvec-1.6.0/./src/lib.rs tests_rug_29
err smallvec-1.6.0 /home/cdc/rug_on_erasan_after_bolero/smallvec-1.6.0/./src/lib.rs tests_rug_30
err smallvec-1.6.0 /home/cdc/rug_on_erasan_after_bolero/smallvec-1.6.0/./src/lib.rs tests_rug_31
err smallvec-1.6.0 /home/cdc/rug_on_erasan_after_bolero/smallvec-1.6.0/./src/lib.rs tests_rug_32
err smallvec-1.6.0 /home/cdc/rug_on_erasan_after_bolero/smallvec-1.6.0/./src/lib.rs tests_rug_33
err smallvec-1.6.0 /home/cdc/rug_on_erasan_after_bolero/smallvec-1.6.0/./src/lib.rs tests_rug_34
err smallvec-1.6.0 /home/cdc/rug_on_erasan_after_bolero/smallvec-1.6.0/./src/lib.rs tests_rug_35
err smallvec-1.6.0 /home/cdc/rug_on_erasan_after_bolero/smallvec-1.6.0/./src/lib.rs tests_rug_36
err smallvec-1.6.0 /home/cdc/rug_on_erasan_after_bolero/smallvec-1.6.0/./src/lib.rs tests_rug_37
err smallvec-1.6.0 /home/cdc/rug_on_erasan_after_bolero/smallvec-1.6.0/./src/lib.rs tests_rug_38
err smallvec-1.6.0 /home/cdc/rug_on_erasan_after_bolero/smallvec-1.6.0/./src/lib.rs tests_rug_39
err smallvec-1.6.0 /home/cdc/rug_on_erasan_after_bolero/smallvec-1.6.0/./src/lib.rs tests_rug_40
err smallvec-1.6.0 /home/cdc/rug_on_erasan_after_bolero/smallvec-1.6.0/./src/lib.rs tests_rug_41
err smallvec-1.6.0 /home/cdc/rug_on_erasan_after_bolero/smallvec-1.6.0/./src/lib.rs tests_rug_42
err smallvec-1.6.0 /home/cdc/rug_on_erasan_after_bolero/smallvec-1.6.0/./src/lib.rs tests_rug_43
err smallvec-1.6.0 /home/cdc/rug_on_erasan_after_bolero/smallvec-1.6.0/./src/lib.rs tests_rug_44
err smallvec-1.6.0 /home/cdc/rug_on_erasan_after_bolero/smallvec-1.6.0/./src/lib.rs tests_rug_46
err smallvec-1.6.0 /home/cdc/rug_on_erasan_after_bolero/smallvec-1.6.0/./src/lib.rs tests_rug_47
err smallvec-1.6.0 /home/cdc/rug_on_erasan_after_bolero/smallvec-1.6.0/./src/lib.rs tests_rug_48
err smallvec-1.6.0 /home/cdc/rug_on_erasan_after_bolero/smallvec-1.6.0/./src/lib.rs tests_rug_49
err smallvec-1.6.0 /home/cdc/rug_on_erasan_after_bolero/smallvec-1.6.0/./src/lib.rs tests_rug_53
err smallvec-1.6.0 /home/cdc/rug_on_erasan_after_bolero/smallvec-1.6.0/./src/lib.rs tests_rug_54
err smallvec-1.6.0 /home/cdc/rug_on_erasan_after_bolero/smallvec-1.6.0/./src/lib.rs tests_rug_56
err smallvec-1.6.0 /home/cdc/rug_on_erasan_after_bolero/smallvec-1.6.0/./src/lib.rs tests_rug_57
err smallvec-1.6.0 /home/cdc/rug_on_erasan_after_bolero/smallvec-1.6.0/./src/lib.rs tests_rug_60
err smallvec-1.6.0 /home/cdc/rug_on_erasan_after_bolero/smallvec-1.6.0/./src/lib.rs tests_rug_61
err smallvec-1.6.0 /home/cdc/rug_on_erasan_after_bolero/smallvec-1.6.0/./src/lib.rs tests_rug_62
err smallvec-1.6.0 /home/cdc/rug_on_erasan_after_bolero/smallvec-1.6.0/./src/lib.rs tests_rug_63
err smallvec-1.6.0 /home/cdc/rug_on_erasan_after_bolero/smallvec-1.6.0/./src/lib.rs tests_rug_64
err smallvec-1.6.0 /home/cdc/rug_on_erasan_after_bolero/smallvec-1.6.0/./src/lib.rs tests_rug_67
err smallvec-1.6.0 /home/cdc/rug_on_erasan_after_bolero/smallvec-1.6.0/./src/lib.rs tests_rug_68
err smallvec-1.6.0 /home/cdc/rug_on_erasan_after_bolero/smallvec-1.6.0/./src/lib.rs tests_rug_95
err smallvec-1.6.0 /home/cdc/rug_on_erasan_after_bolero/smallvec-1.6.0/./src/lib.rs tests_rug_100
err smallvec-1.6.0 /home/cdc/rug_on_erasan_after_bolero/smallvec-1.6.0/./src/lib.rs tests_rug_104
err smallvec-1.6.0 /home/cdc/rug_on_erasan_after_bolero/smallvec-1.6.0/./src/lib.rs tests_rug_106
err smallvec-1.6.0 /home/cdc/rug_on_erasan_after_bolero/smallvec-1.6.0/./src/lib.rs tests_rug_107
err smallvec-1.6.0 /home/cdc/rug_on_erasan_after_bolero/smallvec-1.6.0/./src/lib.rs tests_rug_108
err smallvec-1.6.0 /home/cdc/rug_on_erasan_after_bolero/smallvec-1.6.0/./src/lib.rs tests_rug_109
err smallvec-1.6.0 /home/cdc/rug_on_erasan_after_bolero/smallvec-1.6.0/./src/lib.rs tests_rug_110
err smallvec-1.6.0 /home/cdc/rug_on_erasan_after_bolero/smallvec-1.6.0/./src/lib.rs tests_rug_111
err smallvec-1.6.0 /home/cdc/rug_on_erasan_after_bolero/smallvec-1.6.0/./src/lib.rs tests_rug_114
err smallvec-1.6.0 /home/cdc/rug_on_erasan_after_bolero/smallvec-1.6.0/./src/lib.rs tests_rug_115
err smallvec-1.6.0 /home/cdc/rug_on_erasan_after_bolero/smallvec-1.6.0/./src/lib.rs tests_rug_116
err smallvec-1.6.0 /home/cdc/rug_on_erasan_after_bolero/smallvec-1.6.0/./src/lib.rs tests_rug_117
err smallvec-1.6.0 /home/cdc/rug_on_erasan_after_bolero/smallvec-1.6.0/./src/lib.rs tests_rug_118
err smallvec-1.6.0 /home/cdc/rug_on_erasan_after_bolero/smallvec-1.6.0/./src/lib.rs tests_rug_119
err smallvec-1.6.0 /home/cdc/rug_on_erasan_after_bolero/smallvec-1.6.0/./src/lib.rs tests_rug_120
err smallvec-1.6.0 /home/cdc/rug_on_erasan_after_bolero/smallvec-1.6.0/./src/lib.rs tests_rug_121
err smallvec-1.6.0 /home/cdc/rug_on_erasan_after_bolero/smallvec-1.6.0/./src/lib.rs tests_rug_122
err smallvec-1.6.0 /home/cdc/rug_on_erasan_after_bolero/smallvec-1.6.0/./src/lib.rs tests_rug_123
err smallvec-1.6.0 /home/cdc/rug_on_erasan_after_bolero/smallvec-1.6.0/./src/lib.rs tests_rug_124
err smallvec-1.6.0 /home/cdc/rug_on_erasan_after_bolero/smallvec-1.6.0/./src/lib.rs tests_rug_125
err smallvec-1.6.0 /home/cdc/rug_on_erasan_after_bolero/smallvec-1.6.0/./src/lib.rs tests_rug_126
err smallvec-1.6.0 /home/cdc/rug_on_erasan_after_bolero/smallvec-1.6.0/./src/lib.rs tests_rug_127
err smallvec-1.6.0 /home/cdc/rug_on_erasan_after_bolero/smallvec-1.6.0/./src/lib.rs tests_rug_128
err smallvec-1.6.0 /home/cdc/rug_on_erasan_after_bolero/smallvec-1.6.0/./src/lib.rs tests_rug_129
err smallvec-1.6.0 /home/cdc/rug_on_erasan_after_bolero/smallvec-1.6.0/./src/lib.rs tests_rug_130
err smallvec-1.6.0 /home/cdc/rug_on_erasan_after_bolero/smallvec-1.6.0/./src/lib.rs tests_rug_132
err smallvec-1.6.0 /home/cdc/rug_on_erasan_after_bolero/smallvec-1.6.0/./src/lib.rs tests_rug_133
err smallvec-1.6.0 /home/cdc/rug_on_erasan_after_bolero/smallvec-1.6.0/./src/lib.rs tests_rug_134
err smallvec-1.6.0 /home/cdc/rug_on_erasan_after_bolero/smallvec-1.6.0/./src/lib.rs tests_rug_135
err smallvec-1.6.0 /home/cdc/rug_on_erasan_after_bolero/smallvec-1.6.0/./src/lib.rs tests_rug_136
err smallvec-1.6.0 /home/cdc/rug_on_erasan_after_bolero/smallvec-1.6.0/./src/lib.rs tests_rug_137
err smallvec-1.6.0 /home/cdc/rug_on_erasan_after_bolero/smallvec-1.6.0/./src/lib.rs tests_rug_138
err smallvec-1.6.0 /home/cdc/rug_on_erasan_after_bolero/smallvec-1.6.0/./src/lib.rs tests_rug_139
err smallvec-1.6.0 /home/cdc/rug_on_erasan_after_bolero/smallvec-1.6.0/./src/lib.rs tests_rug_140
err smallvec-1.6.0 /home/cdc/rug_on_erasan_after_bolero/smallvec-1.6.0/./src/lib.rs tests_rug_141
err smallvec-1.6.0 /home/cdc/rug_on_erasan_after_bolero/smallvec-1.6.0/./src/lib.rs tests_rug_142
err smallvec-1.6.0 /home/cdc/rug_on_erasan_after_bolero/smallvec-1.6.0/./src/lib.rs tests_rug_143
err smallvec-1.6.0 /home/cdc/rug_on_erasan_after_bolero/smallvec-1.6.0/./src/lib.rs tests_rug_144
err smallvec-1.6.0 /home/cdc/rug_on_erasan_after_bolero/smallvec-1.6.0/./src/lib.rs tests_rug_145
err smallvec-1.6.0 /home/cdc/rug_on_erasan_after_bolero/smallvec-1.6.0/./src/lib.rs tests_rug_146
err smallvec-1.6.0 /home/cdc/rug_on_erasan_after_bolero/smallvec-1.6.0/./src/lib.rs tests_rug_147
err smallvec-1.6.0 /home/cdc/rug_on_erasan_after_bolero/smallvec-1.6.0/./src/lib.rs tests_rug_148
err smallvec-1.6.0 /home/cdc/rug_on_erasan_after_bolero/smallvec-1.6.0/./src/lib.rs tests_rug_149
err smallvec-1.6.0 /home/cdc/rug_on_erasan_after_bolero/smallvec-1.6.0/./src/lib.rs tests_rug_150
err smallvec-1.6.0 /home/cdc/rug_on_erasan_after_bolero/smallvec-1.6.0/./src/lib.rs tests_rug_152
err smallvec-1.6.0 /home/cdc/rug_on_erasan_after_bolero/smallvec-1.6.0/./src/lib.rs tests_rug_153
err smallvec-1.6.0 /home/cdc/rug_on_erasan_after_bolero/smallvec-1.6.0/./src/lib.rs tests_rug_154
err smallvec-1.6.0 /home/cdc/rug_on_erasan_after_bolero/smallvec-1.6.0/./src/lib.rs tests_rug_155
 ./fuzz_transform/target/release/fuzz_transform /home/cdc/rug_on_erasan_after_bolero/smallvec-1.6.0/./src/specialization.rs
smallvec . 0 90 0
