     Removed 153 files, 61.5MiB total
   Compiling semver v1.0.26
   Compiling libc v0.2.175
   Compiling arrayvec v0.4.12
   Compiling home v0.5.5
   Compiling nodrop v0.1.14
   Compiling xdg v2.5.2
   Compiling global_data v0.1.0 (/home/cdc/deepSURF-sp26-artifacts/artifact_code/global_data)
   Compiling afl v0.15.7
   Compiling rustc_version v0.4.1
   Compiling array-queue v0.3.3 (/home/cdc/deepSURF-sp26-artifacts/artifact_data/dataset/rustsan_crates/array-queue-0.3.3)
warning: use of deprecated function `std::mem::uninitialized`: use `mem::MaybeUninit` instead
 --> /home/cdc/deepSURF-sp26-artifacts/artifact_data/dataset/rustsan_crates/array-queue-0.3.3/src/array_queue.rs:1:39
  |
1 | use std::mem::{drop, forget, replace, uninitialized, ManuallyDrop};
  |                                       ^^^^^^^^^^^^^
  |
  = note: `#[warn(deprecated)]` on by default

warning: use of deprecated function `std::mem::uninitialized`: use `mem::MaybeUninit` instead
  --> /home/cdc/deepSURF-sp26-artifacts/artifact_data/dataset/rustsan_crates/array-queue-0.3.3/src/array_queue.rs:17:29
   |
17 |             array: unsafe { uninitialized() },
   |                             ^^^^^^^^^^^^^

warning: use of deprecated function `std::mem::uninitialized`: use `mem::MaybeUninit` instead
   --> /home/cdc/deepSURF-sp26-artifacts/artifact_data/dataset/rustsan_crates/array-queue-0.3.3/src/array_queue.rs:106:13
    |
106 |             uninitialized()
    |             ^^^^^^^^^^^^^

warning: use of deprecated function `std::mem::uninitialized`: use `mem::MaybeUninit` instead
   --> /home/cdc/deepSURF-sp26-artifacts/artifact_data/dataset/rustsan_crates/array-queue-0.3.3/src/array_queue.rs:118:13
    |
118 |             uninitialized()
    |             ^^^^^^^^^^^^^

warning: use of deprecated function `std::mem::uninitialized`: use `mem::MaybeUninit` instead
   --> /home/cdc/deepSURF-sp26-artifacts/artifact_data/dataset/rustsan_crates/array-queue-0.3.3/src/array_queue.rs:177:38
    |
177 |             drop(replace(x, unsafe { uninitialized() }));
    |                                      ^^^^^^^^^^^^^

warning: `array-queue` (lib) generated 5 warnings
   Compiling array-queue_fuzz_14037188400585498771 v0.1.0 (/home/cdc/deepSURF-sp26-artifacts/claims/claim1/rq1/bug#34-array-queue/harness)
warning: unused imports: `DerefMut`, `Deref`
 --> src/array-queue_fuzz_14037188400585498771.rs:7:16
  |
7 | use std::ops::{Deref, DerefMut};
  |                ^^^^^  ^^^^^^^^
  |
  = note: `#[warn(unused_imports)]` on by default

warning: the item `TryInto` is imported redundantly
   --> src/array-queue_fuzz_14037188400585498771.rs:156:9
    |
156 |     use std::convert::TryInto;
    |         ^^^^^^^^^^^^^^^^^^^^^
   --> /rustc/11f32b73e0dc9287e305b5b9980d24aecdc8c17f/library/std/src/prelude/mod.rs:129:13
    |
    = note: the item `TryInto` is already defined here

warning: the item `TryInto` is imported redundantly
   --> src/array-queue_fuzz_14037188400585498771.rs:163:9
    |
163 |     use std::convert::TryInto;
    |         ^^^^^^^^^^^^^^^^^^^^^
   --> /rustc/11f32b73e0dc9287e305b5b9980d24aecdc8c17f/library/std/src/prelude/mod.rs:129:13
    |
    = note: the item `TryInto` is already defined here

warning: variable `GLOBAL_DATA` should have a snake case name
  --> src/array-queue_fuzz_14037188400585498771.rs:15:13
   |
15 |         let GLOBAL_DATA = global_data.first_half;
   |             ^^^^^^^^^^^ help: convert the identifier to snake case: `global_data`
   |
   = note: `#[warn(non_snake_case)]` on by default

warning: `array-queue_fuzz_14037188400585498771` (bin "array-queue_fuzz_14037188400585498771") generated 4 warnings (run `cargo fix --bin "array-queue_fuzz_14037188400585498771"` to apply 1 suggestion)
    Finished dev [unoptimized + debuginfo] target(s) in 2.46s
Clone len: 0
Front: Some(CustomType1(""))
thread 'main' panicked at src/array-queue_fuzz_14037188400585498771.rs:18:28:
INTENTIONAL PANIC!
note: run with `RUST_BACKTRACE=1` environment variable to display a backtrace
AddressSanitizer:DEADLYSIGNAL
=================================================================
==1411669==ERROR: AddressSanitizer: SEGV on unknown address (pc 0x563efe184482 bp 0x000000000000 sp 0x7fff989d7520 T0)
==1411669==The signal is caused by a READ memory access.
==1411669==Hint: this fault was caused by a dereference of a high value address (see register values below).  Disassemble the provided pc to learn which register was used.
    #0 0x563efe184482  (/home/cdc/deepSURF-sp26-artifacts/claims/claim1/rq1/bug#34-array-queue/harness/target/x86_64-unknown-linux-gnu/debug/array-queue_fuzz_14037188400585498771+0x11482) (BuildId: aa64baaf182068f1f4aa51cfd11428a6fd579f3c)
    #1 0x563efe209dfb  (/home/cdc/deepSURF-sp26-artifacts/claims/claim1/rq1/bug#34-array-queue/harness/target/x86_64-unknown-linux-gnu/debug/array-queue_fuzz_14037188400585498771+0x96dfb) (BuildId: aa64baaf182068f1f4aa51cfd11428a6fd579f3c)
    #2 0x563efe23853d  (/home/cdc/deepSURF-sp26-artifacts/claims/claim1/rq1/bug#34-array-queue/harness/target/x86_64-unknown-linux-gnu/debug/array-queue_fuzz_14037188400585498771+0xc553d) (BuildId: aa64baaf182068f1f4aa51cfd11428a6fd579f3c)
    #3 0x563efe23c55a  (/home/cdc/deepSURF-sp26-artifacts/claims/claim1/rq1/bug#34-array-queue/harness/target/x86_64-unknown-linux-gnu/debug/array-queue_fuzz_14037188400585498771+0xc955a) (BuildId: aa64baaf182068f1f4aa51cfd11428a6fd579f3c)
    #4 0x563efe23b181  (/home/cdc/deepSURF-sp26-artifacts/claims/claim1/rq1/bug#34-array-queue/harness/target/x86_64-unknown-linux-gnu/debug/array-queue_fuzz_14037188400585498771+0xc8181) (BuildId: aa64baaf182068f1f4aa51cfd11428a6fd579f3c)
    #5 0x563efe233441  (/home/cdc/deepSURF-sp26-artifacts/claims/claim1/rq1/bug#34-array-queue/harness/target/x86_64-unknown-linux-gnu/debug/array-queue_fuzz_14037188400585498771+0xc0441) (BuildId: aa64baaf182068f1f4aa51cfd11428a6fd579f3c)
    #6 0x563efe233490  (/home/cdc/deepSURF-sp26-artifacts/claims/claim1/rq1/bug#34-array-queue/harness/target/x86_64-unknown-linux-gnu/debug/array-queue_fuzz_14037188400585498771+0xc0490) (BuildId: aa64baaf182068f1f4aa51cfd11428a6fd579f3c)
    #7 0x563efe2566f0  (/home/cdc/deepSURF-sp26-artifacts/claims/claim1/rq1/bug#34-array-queue/harness/target/x86_64-unknown-linux-gnu/debug/array-queue_fuzz_14037188400585498771+0xe36f0) (BuildId: aa64baaf182068f1f4aa51cfd11428a6fd579f3c)
    #8 0x563efe23c715  (/home/cdc/deepSURF-sp26-artifacts/claims/claim1/rq1/bug#34-array-queue/harness/target/x86_64-unknown-linux-gnu/debug/array-queue_fuzz_14037188400585498771+0xc9715) (BuildId: aa64baaf182068f1f4aa51cfd11428a6fd579f3c)
    #9 0x7f979ac37d8f  (/lib/x86_64-linux-gnu/libc.so.6+0x29d8f) (BuildId: 490fef8403240c91833978d494d39e537409b92e)
    #10 0x7f979ac37e3f  (/lib/x86_64-linux-gnu/libc.so.6+0x29e3f) (BuildId: 490fef8403240c91833978d494d39e537409b92e)
    #11 0x563efe1835f4  (/home/cdc/deepSURF-sp26-artifacts/claims/claim1/rq1/bug#34-array-queue/harness/target/x86_64-unknown-linux-gnu/debug/array-queue_fuzz_14037188400585498771+0x105f4) (BuildId: aa64baaf182068f1f4aa51cfd11428a6fd579f3c)

AddressSanitizer can not provide additional info.
SUMMARY: AddressSanitizer: SEGV (/home/cdc/deepSURF-sp26-artifacts/claims/claim1/rq1/bug#34-array-queue/harness/target/x86_64-unknown-linux-gnu/debug/array-queue_fuzz_14037188400585498771+0x11482) (BuildId: aa64baaf182068f1f4aa51cfd11428a6fd579f3c) 
==1411669==ABORTING
