 ./fuzz_transform/target/release/fuzz_transform /home/cdc/rug_on_erasan_after_bolero/http-0.1.19/./src/header/map.rs
err http-0.1.19 /home/cdc/rug_on_erasan_after_bolero/http-0.1.19/./src/header/map.rs tests_rug_5
 ./fuzz_transform/target/release/fuzz_transform /home/cdc/rug_on_erasan_after_bolero/http-0.1.19/./src/header/value.rs
 ./fuzz_transform/target/release/fuzz_transform /home/cdc/rug_on_erasan_after_bolero/http-0.1.19/./src/header/mod.rs
 ./fuzz_transform/target/release/fuzz_transform /home/cdc/rug_on_erasan_after_bolero/http-0.1.19/./src/header/name.rs
 ./fuzz_transform/target/release/fuzz_transform /home/cdc/rug_on_erasan_after_bolero/http-0.1.19/./src/method.rs
 ./fuzz_transform/target/release/fuzz_transform /home/cdc/rug_on_erasan_after_bolero/http-0.1.19/./src/byte_str.rs
 ./fuzz_transform/target/release/fuzz_transform /home/cdc/rug_on_erasan_after_bolero/http-0.1.19/./src/convert.rs
 ./fuzz_transform/target/release/fuzz_transform /home/cdc/rug_on_erasan_after_bolero/http-0.1.19/./src/version.rs
 ./fuzz_transform/target/release/fuzz_transform /home/cdc/rug_on_erasan_after_bolero/http-0.1.19/./src/request.rs
 ./fuzz_transform/target/release/fuzz_transform /home/cdc/rug_on_erasan_after_bolero/http-0.1.19/./src/uri/tests.rs
 ./fuzz_transform/target/release/fuzz_transform /home/cdc/rug_on_erasan_after_bolero/http-0.1.19/./src/uri/path.rs
 ./fuzz_transform/target/release/fuzz_transform /home/cdc/rug_on_erasan_after_bolero/http-0.1.19/./src/uri/authority.rs
 ./fuzz_transform/target/release/fuzz_transform /home/cdc/rug_on_erasan_after_bolero/http-0.1.19/./src/uri/port.rs
 ./fuzz_transform/target/release/fuzz_transform /home/cdc/rug_on_erasan_after_bolero/http-0.1.19/./src/uri/mod.rs
 ./fuzz_transform/target/release/fuzz_transform /home/cdc/rug_on_erasan_after_bolero/http-0.1.19/./src/uri/scheme.rs
 ./fuzz_transform/target/release/fuzz_transform /home/cdc/rug_on_erasan_after_bolero/http-0.1.19/./src/uri/builder.rs
 ./fuzz_transform/target/release/fuzz_transform /home/cdc/rug_on_erasan_after_bolero/http-0.1.19/./src/lib.rs
 ./fuzz_transform/target/release/fuzz_transform /home/cdc/rug_on_erasan_after_bolero/http-0.1.19/./src/error.rs
 ./fuzz_transform/target/release/fuzz_transform /home/cdc/rug_on_erasan_after_bolero/http-0.1.19/./src/status.rs
 ./fuzz_transform/target/release/fuzz_transform /home/cdc/rug_on_erasan_after_bolero/http-0.1.19/./src/extensions.rs
 ./fuzz_transform/target/release/fuzz_transform /home/cdc/rug_on_erasan_after_bolero/http-0.1.19/./src/response.rs
http . 362 363 0
